<?xml version="1.0" ?>
<!DOCTYPE coverage SYSTEM "http://cobertura.sourceforge.net/xml/coverage-04.dtd">
<coverage lines-valid="321" lines-covered="217" line-rate="0.6759999999999999" branches-valid="91" branches-covered="31" branch-rate="0.3406" timestamp="1750836722863" complexity="0" version="0.1">
  <sources>
    <source>/Users/eratel/Documents/ynov/ynovM1/fullStack/ecoTaskv2/backend</source>
  </sources>
  <packages>
    <package name="middleware" line-rate="0.1562" branch-rate="0">
      <classes>
        <class name="errorHandler.ts" filename="src/middleware/errorHandler.ts" line-rate="0.17850000000000002" branch-rate="0">
          <methods>
            <method name="(anonymous_0)" hits="0" signature="()V">
              <lines>
                <line number="9" hits="0"/>
              </lines>
            </method>
            <method name="(anonymous_1)" hits="22" signature="()V">
              <lines>
                <line number="54" hits="22"/>
              </lines>
            </method>
            <method name="(anonymous_2)" hits="29" signature="()V">
              <lines>
                <line number="54" hits="29"/>
              </lines>
            </method>
            <method name="(anonymous_3)" hits="0" signature="()V">
              <lines>
                <line number="57" hits="0"/>
              </lines>
            </method>
          </methods>
          <lines>
            <line number="2" hits="4" branch="false"/>
            <line number="9" hits="4" branch="false"/>
            <line number="15" hits="0" branch="false"/>
            <line number="16" hits="0" branch="false"/>
            <line number="19" hits="0" branch="false"/>
            <line number="22" hits="0" branch="true" condition-coverage="0% (0/1)"/>
            <line number="23" hits="0" branch="true" condition-coverage="0% (0/2)"/>
            <line number="24" hits="0" branch="false"/>
            <line number="25" hits="0" branch="false"/>
            <line number="26" hits="0" branch="true" condition-coverage="0% (0/2)"/>
            <line number="27" hits="0" branch="false"/>
            <line number="28" hits="0" branch="false"/>
            <line number="29" hits="0" branch="true" condition-coverage="0% (0/1)"/>
            <line number="30" hits="0" branch="false"/>
            <line number="31" hits="0" branch="false"/>
            <line number="36" hits="0" branch="true" condition-coverage="0% (0/1)"/>
            <line number="37" hits="0" branch="false"/>
            <line number="38" hits="0" branch="false"/>
            <line number="42" hits="0" branch="true" condition-coverage="0% (0/2)"/>
            <line number="43" hits="0" branch="true" condition-coverage="0% (0/2)"/>
            <line number="45" hits="0" branch="false"/>
            <line number="54" hits="22" branch="false"/>
            <line number="55" hits="29" branch="false"/>
            <line number="57" hits="4" branch="false"/>
            <line number="58" hits="0" branch="false"/>
            <line number="59" hits="0" branch="false"/>
            <line number="60" hits="0" branch="false"/>
            <line number="61" hits="0" branch="false"/>
          </lines>
        </class>
        <class name="notFound.ts" filename="src/middleware/notFound.ts" line-rate="0" branch-rate="1">
          <methods>
            <method name="(anonymous_0)" hits="0" signature="()V">
              <lines>
                <line number="3" hits="0"/>
              </lines>
            </method>
          </methods>
          <lines>
            <line number="3" hits="0" branch="false"/>
            <line number="4" hits="0" branch="false"/>
            <line number="5" hits="0" branch="false"/>
            <line number="6" hits="0" branch="false"/>
          </lines>
        </class>
      </classes>
    </package>
    <package name="routes" line-rate="0.7434000000000001" branch-rate="0.4">
      <classes>
        <class name="projects.ts" filename="src/routes/projects.ts" line-rate="0.7142000000000001" branch-rate="0.4285">
          <methods>
            <method name="(anonymous_1)" hits="2" signature="()V">
              <lines>
                <line number="10" hits="2"/>
              </lines>
            </method>
            <method name="(anonymous_2)" hits="1" signature="()V">
              <lines>
                <line number="50" hits="1"/>
              </lines>
            </method>
            <method name="(anonymous_3)" hits="0" signature="()V">
              <lines>
                <line number="52" hits="0"/>
              </lines>
            </method>
            <method name="(anonymous_4)" hits="2" signature="()V">
              <lines>
                <line number="70" hits="2"/>
              </lines>
            </method>
            <method name="(anonymous_5)" hits="0" signature="()V">
              <lines>
                <line number="107" hits="0"/>
              </lines>
            </method>
            <method name="(anonymous_6)" hits="1" signature="()V">
              <lines>
                <line number="117" hits="1"/>
              </lines>
            </method>
            <method name="(anonymous_7)" hits="2" signature="()V">
              <lines>
                <line number="124" hits="2"/>
              </lines>
            </method>
            <method name="(anonymous_8)" hits="0" signature="()V">
              <lines>
                <line number="144" hits="0"/>
              </lines>
            </method>
            <method name="(anonymous_9)" hits="0" signature="()V">
              <lines>
                <line number="155" hits="0"/>
              </lines>
            </method>
            <method name="(anonymous_10)" hits="0" signature="()V">
              <lines>
                <line number="159" hits="0"/>
              </lines>
            </method>
            <method name="(anonymous_11)" hits="0" signature="()V">
              <lines>
                <line number="176" hits="0"/>
              </lines>
            </method>
            <method name="(anonymous_12)" hits="0" signature="()V">
              <lines>
                <line number="205" hits="0"/>
              </lines>
            </method>
            <method name="(anonymous_13)" hits="1" signature="()V">
              <lines>
                <line number="216" hits="1"/>
              </lines>
            </method>
            <method name="(anonymous_14)" hits="1" signature="()V">
              <lines>
                <line number="230" hits="1"/>
              </lines>
            </method>
          </methods>
          <lines>
            <line number="1" hits="1" branch="false"/>
            <line number="2" hits="1" branch="false"/>
            <line number="3" hits="1" branch="false"/>
            <line number="4" hits="1" branch="false"/>
            <line number="5" hits="1" branch="false"/>
            <line number="7" hits="1" branch="false"/>
            <line number="10" hits="1" branch="false"/>
            <line number="11" hits="2" branch="false"/>
            <line number="12" hits="2" branch="false"/>
            <line number="14" hits="2" branch="false"/>
            <line number="15" hits="2" branch="true" condition-coverage="100% (1/1)"/>
            <line number="16" hits="2" branch="true" condition-coverage="0% (0/1)"/>
            <line number="17" hits="0" branch="false"/>
            <line number="23" hits="2" branch="false"/>
            <line number="50" hits="2" branch="false"/>
            <line number="52" hits="0" branch="false"/>
            <line number="55" hits="2" branch="false"/>
            <line number="70" hits="1" branch="false"/>
            <line number="71" hits="2" branch="false"/>
            <line number="73" hits="2" branch="false"/>
            <line number="97" hits="2" branch="true" condition-coverage="100% (1/1)"/>
            <line number="98" hits="1" branch="false"/>
            <line number="105" hits="1" branch="false"/>
            <line number="107" hits="0" branch="false"/>
            <line number="110" hits="1" branch="false"/>
            <line number="117" hits="1" branch="false"/>
            <line number="118" hits="1" branch="false"/>
            <line number="120" hits="1" branch="false"/>
            <line number="124" hits="2" branch="false"/>
            <line number="142" hits="1" branch="false"/>
            <line number="144" hits="0" branch="false"/>
            <line number="147" hits="1" branch="false"/>
            <line number="155" hits="1" branch="false"/>
            <line number="156" hits="0" branch="false"/>
            <line number="159" hits="0" branch="false"/>
            <line number="161" hits="0" branch="false"/>
            <line number="167" hits="0" branch="true" condition-coverage="0% (0/1)"/>
            <line number="169" hits="0" branch="false"/>
            <line number="174" hits="0" branch="true" condition-coverage="0% (0/1)"/>
            <line number="175" hits="0" branch="false"/>
            <line number="176" hits="0" branch="false"/>
            <line number="185" hits="0" branch="false"/>
            <line number="203" hits="0" branch="false"/>
            <line number="205" hits="0" branch="false"/>
            <line number="208" hits="0" branch="false"/>
            <line number="216" hits="1" branch="false"/>
            <line number="217" hits="1" branch="false"/>
            <line number="219" hits="1" branch="false"/>
            <line number="223" hits="1" branch="false"/>
            <line number="230" hits="1" branch="false"/>
            <line number="231" hits="1" branch="false"/>
            <line number="233" hits="1" branch="false"/>
            <line number="238" hits="1" branch="false"/>
            <line number="240" hits="1" branch="false"/>
            <line number="245" hits="1" branch="false"/>
            <line number="252" hits="1" branch="false"/>
          </lines>
        </class>
        <class name="stats.ts" filename="src/routes/stats.ts" line-rate="0.9481999999999999" branch-rate="0.625">
          <methods>
            <method name="(anonymous_1)" hits="2" signature="()V">
              <lines>
                <line number="8" hits="2"/>
              </lines>
            </method>
            <method name="(anonymous_2)" hits="2" signature="()V">
              <lines>
                <line number="64" hits="2"/>
              </lines>
            </method>
            <method name="(anonymous_3)" hits="2" signature="()V">
              <lines>
                <line number="74" hits="2"/>
              </lines>
            </method>
            <method name="(anonymous_4)" hits="3" signature="()V">
              <lines>
                <line number="79" hits="3"/>
              </lines>
            </method>
            <method name="(anonymous_5)" hits="2" signature="()V">
              <lines>
                <line number="83" hits="2"/>
              </lines>
            </method>
            <method name="(anonymous_6)" hits="2" signature="()V">
              <lines>
                <line number="97" hits="2"/>
              </lines>
            </method>
            <method name="(anonymous_7)" hits="3" signature="()V">
              <lines>
                <line number="151" hits="3"/>
              </lines>
            </method>
            <method name="(anonymous_8)" hits="2" signature="()V">
              <lines>
                <line number="161" hits="2"/>
              </lines>
            </method>
            <method name="(anonymous_9)" hits="2" signature="()V">
              <lines>
                <line number="223" hits="2"/>
              </lines>
            </method>
            <method name="(anonymous_10)" hits="2" signature="()V">
              <lines>
                <line number="229" hits="2"/>
              </lines>
            </method>
            <method name="(anonymous_11)" hits="4" signature="()V">
              <lines>
                <line number="230" hits="4"/>
              </lines>
            </method>
            <method name="(anonymous_12)" hits="2" signature="()V">
              <lines>
                <line number="250" hits="2"/>
              </lines>
            </method>
            <method name="(anonymous_13)" hits="2" signature="()V">
              <lines>
                <line number="251" hits="2"/>
              </lines>
            </method>
            <method name="(anonymous_14)" hits="2" signature="()V">
              <lines>
                <line number="252" hits="2"/>
              </lines>
            </method>
            <method name="(anonymous_15)" hits="2" signature="()V">
              <lines>
                <line number="254" hits="2"/>
              </lines>
            </method>
            <method name="(anonymous_16)" hits="2" signature="()V">
              <lines>
                <line number="264" hits="2"/>
              </lines>
            </method>
            <method name="(anonymous_17)" hits="2" signature="()V">
              <lines>
                <line number="328" hits="2"/>
              </lines>
            </method>
            <method name="(anonymous_18)" hits="2" signature="()V">
              <lines>
                <line number="329" hits="2"/>
              </lines>
            </method>
            <method name="(anonymous_19)" hits="2" signature="()V">
              <lines>
                <line number="330" hits="2"/>
              </lines>
            </method>
            <method name="(anonymous_20)" hits="2" signature="()V">
              <lines>
                <line number="346" hits="2"/>
              </lines>
            </method>
            <method name="(anonymous_21)" hits="2" signature="()V">
              <lines>
                <line number="347" hits="2"/>
              </lines>
            </method>
            <method name="(anonymous_22)" hits="2" signature="()V">
              <lines>
                <line number="351" hits="2"/>
              </lines>
            </method>
            <method name="(anonymous_23)" hits="2" signature="()V">
              <lines>
                <line number="356" hits="2"/>
              </lines>
            </method>
          </methods>
          <lines>
            <line number="1" hits="1" branch="false"/>
            <line number="2" hits="1" branch="false"/>
            <line number="3" hits="1" branch="false"/>
            <line number="5" hits="1" branch="false"/>
            <line number="8" hits="1" branch="false"/>
            <line number="17" hits="2" branch="false"/>
            <line number="64" hits="2" branch="false"/>
            <line number="67" hits="2" branch="false"/>
            <line number="74" hits="2" branch="false"/>
            <line number="79" hits="3" branch="false"/>
            <line number="83" hits="2" branch="false"/>
            <line number="90" hits="2" branch="false"/>
            <line number="97" hits="1" branch="false"/>
            <line number="98" hits="2" branch="true" condition-coverage="100% (1/1)"/>
            <line number="100" hits="2" branch="false"/>
            <line number="101" hits="2" branch="false"/>
            <line number="103" hits="2" branch="true" condition-coverage="100% (2/2)"/>
            <line number="104" hits="1" branch="false"/>
            <line number="105" hits="1" branch="false"/>
            <line number="106" hits="1" branch="true" condition-coverage="0% (0/1)"/>
            <line number="107" hits="0" branch="false"/>
            <line number="108" hits="0" branch="false"/>
            <line number="113" hits="2" branch="true" condition-coverage="100% (2/2)"/>
            <line number="114" hits="1" branch="false"/>
            <line number="124" hits="1" branch="true" condition-coverage="50% (1/2)"/>
            <line number="125" hits="0" branch="false"/>
            <line number="136" hits="1" branch="false"/>
            <line number="148" hits="2" branch="false"/>
            <line number="151" hits="3" branch="false"/>
            <line number="161" hits="1" branch="false"/>
            <line number="162" hits="2" branch="false"/>
            <line number="169" hits="2" branch="false"/>
            <line number="215" hits="2" branch="true" condition-coverage="100% (1/1)"/>
            <line number="216" hits="1" branch="false"/>
            <line number="223" hits="2" branch="false"/>
            <line number="224" hits="1" branch="false"/>
            <line number="229" hits="1" branch="false"/>
            <line number="230" hits="4" branch="false"/>
            <line number="231" hits="2" branch="false"/>
            <line number="239" hits="1" branch="false"/>
            <line number="250" hits="2" branch="false"/>
            <line number="251" hits="2" branch="false"/>
            <line number="252" hits="2" branch="false"/>
            <line number="254" hits="2" branch="false"/>
            <line number="264" hits="1" branch="false"/>
            <line number="265" hits="2" branch="false"/>
            <line number="272" hits="2" branch="false"/>
            <line number="321" hits="2" branch="true" condition-coverage="100% (1/1)"/>
            <line number="322" hits="1" branch="false"/>
            <line number="328" hits="2" branch="true" condition-coverage="50% (1/2)"/>
            <line number="329" hits="2" branch="false"/>
            <line number="330" hits="2" branch="true" condition-coverage="50% (1/2)"/>
            <line number="332" hits="1" branch="false"/>
            <line number="346" hits="2" branch="false"/>
            <line number="347" hits="2" branch="false"/>
            <line number="351" hits="2" branch="false"/>
            <line number="356" hits="2" branch="false"/>
            <line number="364" hits="1" branch="false"/>
          </lines>
        </class>
        <class name="tasks.ts" filename="src/routes/tasks.ts" line-rate="0.5974" branch-rate="0.1739">
          <methods>
            <method name="(anonymous_1)" hits="4" signature="()V">
              <lines>
                <line number="10" hits="4"/>
              </lines>
            </method>
            <method name="(anonymous_2)" hits="2" signature="()V">
              <lines>
                <line number="60" hits="2"/>
              </lines>
            </method>
            <method name="(anonymous_3)" hits="1" signature="()V">
              <lines>
                <line number="89" hits="1"/>
              </lines>
            </method>
            <method name="(anonymous_4)" hits="1" signature="()V">
              <lines>
                <line number="95" hits="1"/>
              </lines>
            </method>
            <method name="(anonymous_5)" hits="0" signature="()V">
              <lines>
                <line number="137" hits="0"/>
              </lines>
            </method>
            <method name="(anonymous_6)" hits="0" signature="()V">
              <lines>
                <line number="140" hits="0"/>
              </lines>
            </method>
            <method name="(anonymous_7)" hits="0" signature="()V">
              <lines>
                <line number="205" hits="0"/>
              </lines>
            </method>
            <method name="(anonymous_8)" hits="0" signature="()V">
              <lines>
                <line number="208" hits="0"/>
              </lines>
            </method>
            <method name="(anonymous_9)" hits="1" signature="()V">
              <lines>
                <line number="245" hits="1"/>
              </lines>
            </method>
          </methods>
          <lines>
            <line number="1" hits="1" branch="false"/>
            <line number="2" hits="1" branch="false"/>
            <line number="3" hits="1" branch="false"/>
            <line number="4" hits="1" branch="false"/>
            <line number="5" hits="1" branch="false"/>
            <line number="7" hits="1" branch="false"/>
            <line number="10" hits="1" branch="false"/>
            <line number="11" hits="4" branch="false"/>
            <line number="12" hits="4" branch="false"/>
            <line number="14" hits="4" branch="false"/>
            <line number="15" hits="4" branch="true" condition-coverage="100% (1/1)"/>
            <line number="16" hits="4" branch="true" condition-coverage="0% (0/1)"/>
            <line number="17" hits="4" branch="true" condition-coverage="0% (0/1)"/>
            <line number="18" hits="4" branch="true" condition-coverage="0% (0/1)"/>
            <line number="19" hits="4" branch="true" condition-coverage="0% (0/1)"/>
            <line number="20" hits="4" branch="true" condition-coverage="100% (1/1)"/>
            <line number="21" hits="1" branch="false"/>
            <line number="27" hits="4" branch="false"/>
            <line number="45" hits="4" branch="false"/>
            <line number="60" hits="1" branch="false"/>
            <line number="61" hits="2" branch="false"/>
            <line number="63" hits="2" branch="false"/>
            <line number="75" hits="2" branch="true" condition-coverage="100% (1/1)"/>
            <line number="76" hits="1" branch="false"/>
            <line number="82" hits="1" branch="false"/>
            <line number="89" hits="1" branch="false"/>
            <line number="90" hits="1" branch="false"/>
            <line number="93" hits="1" branch="false"/>
            <line number="95" hits="1" branch="false"/>
            <line number="97" hits="1" branch="false"/>
            <line number="114" hits="1" branch="false"/>
            <line number="119" hits="1" branch="false"/>
            <line number="121" hits="1" branch="false"/>
            <line number="126" hits="1" branch="false"/>
            <line number="129" hits="1" branch="false"/>
            <line number="137" hits="1" branch="false"/>
            <line number="138" hits="0" branch="false"/>
            <line number="140" hits="0" branch="false"/>
            <line number="142" hits="0" branch="false"/>
            <line number="147" hits="0" branch="true" condition-coverage="0% (0/1)"/>
            <line number="148" hits="0" branch="false"/>
            <line number="152" hits="0" branch="false"/>
            <line number="154" hits="0" branch="true" condition-coverage="0% (0/1)"/>
            <line number="155" hits="0" branch="false"/>
            <line number="159" hits="0" branch="true" condition-coverage="0% (0/3)"/>
            <line number="160" hits="0" branch="true" condition-coverage="0% (0/2)"/>
            <line number="161" hits="0" branch="true" condition-coverage="0% (0/2)"/>
            <line number="162" hits="0" branch="false"/>
            <line number="166" hits="0" branch="false"/>
            <line number="180" hits="0" branch="true" condition-coverage="0% (0/3)"/>
            <line number="181" hits="0" branch="false"/>
            <line number="186" hits="0" branch="false"/>
            <line number="188" hits="0" branch="false"/>
            <line number="194" hits="0" branch="false"/>
            <line number="197" hits="0" branch="false"/>
            <line number="205" hits="1" branch="false"/>
            <line number="206" hits="0" branch="false"/>
            <line number="208" hits="0" branch="false"/>
            <line number="210" hits="0" branch="false"/>
            <line number="215" hits="0" branch="true" condition-coverage="0% (0/1)"/>
            <line number="216" hits="0" branch="false"/>
            <line number="220" hits="0" branch="false"/>
            <line number="225" hits="0" branch="false"/>
            <line number="230" hits="0" branch="false"/>
            <line number="232" hits="0" branch="false"/>
            <line number="238" hits="0" branch="false"/>
            <line number="245" hits="1" branch="false"/>
            <line number="246" hits="1" branch="false"/>
            <line number="247" hits="1" branch="false"/>
            <line number="249" hits="1" branch="false"/>
            <line number="252" hits="1" branch="true" condition-coverage="50% (1/2)"/>
            <line number="253" hits="1" branch="false"/>
            <line number="254" hits="0" branch="true" condition-coverage="0% (0/1)"/>
            <line number="255" hits="0" branch="false"/>
            <line number="258" hits="1" branch="false"/>
            <line number="271" hits="1" branch="false"/>
            <line number="278" hits="1" branch="false"/>
          </lines>
        </class>
        <class name="users.ts" filename="src/routes/users.ts" line-rate="0.7692" branch-rate="0.125">
          <methods>
            <method name="(anonymous_1)" hits="1" signature="()V">
              <lines>
                <line number="9" hits="1"/>
              </lines>
            </method>
            <method name="(anonymous_2)" hits="2" signature="()V">
              <lines>
                <line number="45" hits="2"/>
              </lines>
            </method>
            <method name="(anonymous_3)" hits="1" signature="()V">
              <lines>
                <line number="92" hits="1"/>
              </lines>
            </method>
            <method name="(anonymous_4)" hits="1" signature="()V">
              <lines>
                <line number="107" hits="1"/>
              </lines>
            </method>
            <method name="(anonymous_5)" hits="1" signature="()V">
              <lines>
                <line number="123" hits="1"/>
              </lines>
            </method>
            <method name="(anonymous_6)" hits="0" signature="()V">
              <lines>
                <line number="137" hits="0"/>
              </lines>
            </method>
            <method name="(anonymous_7)" hits="0" signature="()V">
              <lines>
                <line number="175" hits="0"/>
              </lines>
            </method>
            <method name="(anonymous_8)" hits="0" signature="()V">
              <lines>
                <line number="176" hits="0"/>
              </lines>
            </method>
            <method name="(anonymous_9)" hits="0" signature="()V">
              <lines>
                <line number="177" hits="0"/>
              </lines>
            </method>
          </methods>
          <lines>
            <line number="1" hits="1" branch="false"/>
            <line number="2" hits="1" branch="false"/>
            <line number="3" hits="1" branch="false"/>
            <line number="4" hits="1" branch="false"/>
            <line number="6" hits="1" branch="false"/>
            <line number="9" hits="1" branch="false"/>
            <line number="10" hits="1" branch="false"/>
            <line number="11" hits="1" branch="false"/>
            <line number="13" hits="1" branch="false"/>
            <line number="30" hits="1" branch="false"/>
            <line number="45" hits="1" branch="false"/>
            <line number="46" hits="2" branch="false"/>
            <line number="48" hits="2" branch="false"/>
            <line number="78" hits="2" branch="true" condition-coverage="100% (1/1)"/>
            <line number="79" hits="1" branch="false"/>
            <line number="85" hits="1" branch="false"/>
            <line number="92" hits="1" branch="false"/>
            <line number="93" hits="1" branch="false"/>
            <line number="95" hits="1" branch="false"/>
            <line number="99" hits="1" branch="false"/>
            <line number="107" hits="1" branch="false"/>
            <line number="108" hits="1" branch="false"/>
            <line number="110" hits="1" branch="false"/>
            <line number="115" hits="1" branch="false"/>
            <line number="123" hits="1" branch="false"/>
            <line number="124" hits="1" branch="false"/>
            <line number="126" hits="1" branch="false"/>
            <line number="130" hits="1" branch="false"/>
            <line number="137" hits="1" branch="false"/>
            <line number="138" hits="0" branch="false"/>
            <line number="140" hits="0" branch="false"/>
            <line number="144" hits="0" branch="true" condition-coverage="0% (0/1)"/>
            <line number="145" hits="0" branch="false"/>
            <line number="151" hits="0" branch="false"/>
            <line number="175" hits="0" branch="true" condition-coverage="0% (0/2)"/>
            <line number="176" hits="0" branch="false"/>
            <line number="177" hits="0" branch="true" condition-coverage="0% (0/2)"/>
            <line number="179" hits="0" branch="false"/>
            <line number="197" hits="1" branch="false"/>
          </lines>
        </class>
      </classes>
    </package>
    <package name="types" line-rate="0.6666" branch-rate="1">
      <classes>
        <class name="enums.ts" filename="src/types/enums.ts" line-rate="0.6666" branch-rate="1">
          <methods>
            <method name="(anonymous_0)" hits="0" signature="()V">
              <lines>
                <line number="37" hits="0"/>
              </lines>
            </method>
            <method name="(anonymous_1)" hits="0" signature="()V">
              <lines>
                <line number="41" hits="0"/>
              </lines>
            </method>
            <method name="(anonymous_2)" hits="0" signature="()V">
              <lines>
                <line number="45" hits="0"/>
              </lines>
            </method>
            <method name="(anonymous_3)" hits="0" signature="()V">
              <lines>
                <line number="49" hits="0"/>
              </lines>
            </method>
          </methods>
          <lines>
            <line number="3" hits="5" branch="false"/>
            <line number="10" hits="5" branch="false"/>
            <line number="18" hits="5" branch="false"/>
            <line number="27" hits="5" branch="false"/>
            <line number="37" hits="5" branch="false"/>
            <line number="38" hits="0" branch="false"/>
            <line number="41" hits="5" branch="false"/>
            <line number="42" hits="0" branch="false"/>
            <line number="45" hits="5" branch="false"/>
            <line number="46" hits="0" branch="false"/>
            <line number="49" hits="5" branch="false"/>
            <line number="50" hits="0" branch="false"/>
          </lines>
        </class>
      </classes>
    </package>
    <package name="utils" line-rate="0.7021" branch-rate="0.375">
      <classes>
        <class name="co2Calculator.ts" filename="src/utils/co2Calculator.ts" line-rate="1" branch-rate="1">
          <methods>
            <method name="calculateCO2Emissions" hits="8" signature="()V">
              <lines>
                <line number="16" hits="8"/>
              </lines>
            </method>
            <method name="getCO2Level" hits="9" signature="()V">
              <lines>
                <line number="29" hits="9"/>
              </lines>
            </method>
            <method name="formatCO2" hits="6" signature="()V">
              <lines>
                <line number="40" hits="6"/>
              </lines>
            </method>
            <method name="calculateProjectCO2" hits="7" signature="()V">
              <lines>
                <line number="49" hits="7"/>
              </lines>
            </method>
            <method name="(anonymous_4)" hits="13" signature="()V">
              <lines>
                <line number="50" hits="13"/>
              </lines>
            </method>
          </methods>
          <lines>
            <line number="4" hits="3" branch="false"/>
            <line number="16" hits="3" branch="false"/>
            <line number="20" hits="8" branch="false"/>
            <line number="21" hits="8" branch="false"/>
            <line number="29" hits="3" branch="false"/>
            <line number="30" hits="9" branch="true" condition-coverage="100% (1/1)"/>
            <line number="31" hits="6" branch="true" condition-coverage="100% (1/1)"/>
            <line number="32" hits="3" branch="false"/>
            <line number="40" hits="3" branch="false"/>
            <line number="41" hits="6" branch="false"/>
            <line number="49" hits="3" branch="false"/>
            <line number="50" hits="13" branch="false"/>
          </lines>
        </class>
        <class name="database.ts" filename="src/utils/database.ts" line-rate="0" branch-rate="0">
          <methods>
            <method name="(anonymous_0)" hits="0" signature="()V">
              <lines>
                <line number="14" hits="0"/>
              </lines>
            </method>
            <method name="(anonymous_1)" hits="0" signature="()V">
              <lines>
                <line number="18" hits="0"/>
              </lines>
            </method>
            <method name="(anonymous_2)" hits="0" signature="()V">
              <lines>
                <line number="23" hits="0"/>
              </lines>
            </method>
          </methods>
          <lines>
            <line number="1" hits="0" branch="false"/>
            <line number="3" hits="0" branch="false"/>
            <line number="7" hits="0" branch="true" condition-coverage="0% (0/2)"/>
            <line number="11" hits="0" branch="true" condition-coverage="0% (0/1)"/>
            <line number="14" hits="0" branch="false"/>
            <line number="15" hits="0" branch="false"/>
            <line number="18" hits="0" branch="false"/>
            <line number="19" hits="0" branch="false"/>
            <line number="20" hits="0" branch="false"/>
            <line number="23" hits="0" branch="false"/>
            <line number="24" hits="0" branch="false"/>
            <line number="25" hits="0" branch="false"/>
            <line number="28" hits="0" branch="false"/>
          </lines>
        </class>
        <class name="validators.ts" filename="src/utils/validators.ts" line-rate="0.9545" branch-rate="1">
          <methods>
            <method name="(anonymous_0)" hits="3" signature="()V">
              <lines>
                <line number="67" hits="3"/>
              </lines>
            </method>
            <method name="(anonymous_1)" hits="3" signature="()V">
              <lines>
                <line number="68" hits="3"/>
              </lines>
            </method>
            <method name="(anonymous_2)" hits="2" signature="()V">
              <lines>
                <line number="85" hits="2"/>
              </lines>
            </method>
          </methods>
          <lines>
            <line number="1" hits="1" branch="false"/>
            <line number="2" hits="1" branch="false"/>
            <line number="5" hits="1" branch="false"/>
            <line number="11" hits="1" branch="false"/>
            <line number="14" hits="1" branch="false"/>
            <line number="21" hits="1" branch="false"/>
            <line number="24" hits="1" branch="false"/>
            <line number="36" hits="1" branch="false"/>
            <line number="42" hits="1" branch="false"/>
            <line number="47" hits="1" branch="false"/>
            <line number="56" hits="1" branch="false"/>
            <line number="62" hits="1" branch="false"/>
            <line number="67" hits="1" branch="false"/>
            <line number="68" hits="3" branch="false"/>
            <line number="69" hits="3" branch="false"/>
            <line number="70" hits="3" branch="false"/>
            <line number="77" hits="2" branch="false"/>
            <line number="78" hits="2" branch="false"/>
            <line number="80" hits="1" branch="true" condition-coverage="100% (1/1)"/>
            <line number="81" hits="1" branch="false"/>
            <line number="85" hits="2" branch="false"/>
            <line number="92" hits="0" branch="false"/>
          </lines>
        </class>
      </classes>
    </package>
  </packages>
</coverage>
