TN:
SF:src/middleware/errorHandler.ts
FN:9,(anonymous_0)
FN:54,(anonymous_1)
FN:54,(anonymous_2)
FN:57,(anonymous_3)
FNF:4
FNH:2
FNDA:0,(anonymous_0)
FNDA:22,(anonymous_1)
FNDA:29,(anonymous_2)
FNDA:0,(anonymous_3)
DA:2,4
DA:9,4
DA:15,0
DA:16,0
DA:19,0
DA:22,0
DA:23,0
DA:24,0
DA:25,0
DA:26,0
DA:27,0
DA:28,0
DA:29,0
DA:30,0
DA:31,0
DA:36,0
DA:37,0
DA:38,0
DA:42,0
DA:43,0
DA:45,0
DA:54,22
DA:55,29
DA:57,4
DA:58,0
DA:59,0
DA:60,0
DA:61,0
LF:28
LH:5
BRDA:22,0,0,0
BRDA:23,1,0,0
BRDA:23,1,1,0
BRDA:26,2,0,0
BRDA:26,2,1,0
BRDA:29,3,0,0
BRDA:36,4,0,0
BRDA:42,5,0,0
BRDA:42,5,1,0
BRDA:43,6,0,0
BRDA:43,6,1,0
BRDA:49,7,0,0
BRDA:49,7,1,0
BRF:13
BRH:0
end_of_record
TN:
SF:src/middleware/notFound.ts
FN:3,(anonymous_0)
FNF:1
FNH:0
FNDA:0,(anonymous_0)
DA:3,0
DA:4,0
DA:5,0
DA:6,0
LF:4
LH:0
BRF:0
BRH:0
end_of_record
TN:
SF:src/routes/projects.ts
FN:10,(anonymous_1)
FN:50,(anonymous_2)
FN:52,(anonymous_3)
FN:70,(anonymous_4)
FN:107,(anonymous_5)
FN:117,(anonymous_6)
FN:124,(anonymous_7)
FN:144,(anonymous_8)
FN:155,(anonymous_9)
FN:159,(anonymous_10)
FN:176,(anonymous_11)
FN:205,(anonymous_12)
FN:216,(anonymous_13)
FN:230,(anonymous_14)
FNF:14
FNH:7
FNDA:2,(anonymous_1)
FNDA:1,(anonymous_2)
FNDA:0,(anonymous_3)
FNDA:2,(anonymous_4)
FNDA:0,(anonymous_5)
FNDA:1,(anonymous_6)
FNDA:2,(anonymous_7)
FNDA:0,(anonymous_8)
FNDA:0,(anonymous_9)
FNDA:0,(anonymous_10)
FNDA:0,(anonymous_11)
FNDA:0,(anonymous_12)
FNDA:1,(anonymous_13)
FNDA:1,(anonymous_14)
DA:1,1
DA:2,1
DA:3,1
DA:4,1
DA:5,1
DA:7,1
DA:10,1
DA:11,2
DA:12,2
DA:14,2
DA:15,2
DA:16,2
DA:17,0
DA:23,2
DA:50,2
DA:52,0
DA:55,2
DA:70,1
DA:71,2
DA:73,2
DA:97,2
DA:98,1
DA:105,1
DA:107,0
DA:110,1
DA:117,1
DA:118,1
DA:120,1
DA:124,2
DA:142,1
DA:144,0
DA:147,1
DA:155,1
DA:156,0
DA:159,0
DA:161,0
DA:167,0
DA:169,0
DA:174,0
DA:175,0
DA:176,0
DA:185,0
DA:203,0
DA:205,0
DA:208,0
DA:216,1
DA:217,1
DA:219,1
DA:223,1
DA:230,1
DA:231,1
DA:233,1
DA:238,1
DA:240,1
DA:245,1
DA:252,1
LF:56
LH:40
BRDA:15,0,0,1
BRDA:16,1,0,0
BRDA:97,2,0,1
BRDA:123,3,0,1
BRDA:123,3,1,0
BRDA:167,4,0,0
BRDA:174,5,0,0
BRF:7
BRH:3
end_of_record
TN:
SF:src/routes/stats.ts
FN:8,(anonymous_1)
FN:64,(anonymous_2)
FN:74,(anonymous_3)
FN:79,(anonymous_4)
FN:83,(anonymous_5)
FN:97,(anonymous_6)
FN:125,(anonymous_7)
FN:135,(anonymous_8)
FN:197,(anonymous_9)
FN:203,(anonymous_10)
FN:204,(anonymous_11)
FN:224,(anonymous_12)
FN:225,(anonymous_13)
FN:226,(anonymous_14)
FN:228,(anonymous_15)
FN:238,(anonymous_16)
FN:302,(anonymous_17)
FN:303,(anonymous_18)
FN:304,(anonymous_19)
FN:320,(anonymous_20)
FN:321,(anonymous_21)
FN:325,(anonymous_22)
FN:330,(anonymous_23)
FNF:23
FNH:23
FNDA:2,(anonymous_1)
FNDA:2,(anonymous_2)
FNDA:2,(anonymous_3)
FNDA:3,(anonymous_4)
FNDA:2,(anonymous_5)
FNDA:2,(anonymous_6)
FNDA:3,(anonymous_7)
FNDA:2,(anonymous_8)
FNDA:2,(anonymous_9)
FNDA:2,(anonymous_10)
FNDA:4,(anonymous_11)
FNDA:2,(anonymous_12)
FNDA:2,(anonymous_13)
FNDA:2,(anonymous_14)
FNDA:2,(anonymous_15)
FNDA:2,(anonymous_16)
FNDA:2,(anonymous_17)
FNDA:2,(anonymous_18)
FNDA:2,(anonymous_19)
FNDA:2,(anonymous_20)
FNDA:2,(anonymous_21)
FNDA:2,(anonymous_22)
FNDA:2,(anonymous_23)
DA:1,1
DA:2,1
DA:3,1
DA:5,1
DA:8,1
DA:17,2
DA:64,2
DA:67,2
DA:74,2
DA:79,3
DA:83,2
DA:90,2
DA:97,1
DA:98,2
DA:100,2
DA:101,2
DA:103,2
DA:104,1
DA:105,1
DA:106,1
DA:107,0
DA:108,0
DA:111,2
DA:122,2
DA:125,3
DA:135,1
DA:136,2
DA:143,2
DA:189,2
DA:190,1
DA:197,2
DA:198,1
DA:203,1
DA:204,4
DA:205,2
DA:213,1
DA:224,2
DA:225,2
DA:226,2
DA:228,2
DA:238,1
DA:239,2
DA:246,2
DA:295,2
DA:296,1
DA:302,2
DA:303,2
DA:304,2
DA:306,1
DA:320,2
DA:321,2
DA:325,2
DA:330,2
DA:338,1
LF:54
LH:52
BRDA:81,0,0,3
BRDA:81,0,1,0
BRDA:85,1,0,2
BRDA:85,1,1,0
BRDA:98,2,0,1
BRDA:103,3,0,1
BRDA:103,3,1,1
BRDA:106,4,0,0
BRDA:127,5,0,3
BRDA:127,5,1,0
BRDA:128,6,0,3
BRDA:128,6,1,0
BRDA:189,7,0,1
BRDA:207,8,0,2
BRDA:207,8,1,2
BRDA:209,9,0,2
BRDA:209,9,1,0
BRDA:230,10,0,2
BRDA:230,10,1,0
BRDA:295,11,0,1
BRDA:302,12,0,2
BRDA:302,12,1,0
BRDA:304,13,0,1
BRDA:304,13,1,0
BRDA:318,14,0,1
BRDA:318,14,1,0
BRDA:332,15,0,2
BRDA:332,15,1,0
BRF:28
BRH:17
end_of_record
TN:
SF:src/routes/tasks.ts
FN:10,(anonymous_1)
FN:60,(anonymous_2)
FN:89,(anonymous_3)
FN:95,(anonymous_4)
FN:137,(anonymous_5)
FN:140,(anonymous_6)
FN:205,(anonymous_7)
FN:208,(anonymous_8)
FN:245,(anonymous_9)
FNF:9
FNH:5
FNDA:4,(anonymous_1)
FNDA:2,(anonymous_2)
FNDA:1,(anonymous_3)
FNDA:1,(anonymous_4)
FNDA:0,(anonymous_5)
FNDA:0,(anonymous_6)
FNDA:0,(anonymous_7)
FNDA:0,(anonymous_8)
FNDA:1,(anonymous_9)
DA:1,1
DA:2,1
DA:3,1
DA:4,1
DA:5,1
DA:7,1
DA:10,1
DA:11,4
DA:12,4
DA:14,4
DA:15,4
DA:16,4
DA:17,4
DA:18,4
DA:19,4
DA:20,4
DA:21,1
DA:27,4
DA:45,4
DA:60,1
DA:61,2
DA:63,2
DA:75,2
DA:76,1
DA:82,1
DA:89,1
DA:90,1
DA:93,1
DA:95,1
DA:97,1
DA:114,1
DA:119,1
DA:121,1
DA:126,1
DA:129,1
DA:137,1
DA:138,0
DA:140,0
DA:142,0
DA:147,0
DA:148,0
DA:152,0
DA:154,0
DA:155,0
DA:159,0
DA:160,0
DA:161,0
DA:162,0
DA:166,0
DA:180,0
DA:181,0
DA:186,0
DA:188,0
DA:194,0
DA:197,0
DA:205,1
DA:206,0
DA:208,0
DA:210,0
DA:215,0
DA:216,0
DA:220,0
DA:225,0
DA:230,0
DA:232,0
DA:238,0
DA:245,1
DA:246,1
DA:247,1
DA:249,1
DA:252,1
DA:253,1
DA:254,0
DA:255,0
DA:258,1
DA:271,1
DA:278,1
LF:77
LH:46
BRDA:15,0,0,1
BRDA:16,1,0,0
BRDA:17,2,0,0
BRDA:18,3,0,0
BRDA:19,4,0,0
BRDA:20,5,0,1
BRDA:75,6,0,1
BRDA:147,7,0,0
BRDA:154,8,0,0
BRDA:159,9,0,0
BRDA:159,10,0,0
BRDA:159,10,1,0
BRDA:160,11,0,0
BRDA:160,11,1,0
BRDA:161,12,0,0
BRDA:161,12,1,0
BRDA:180,13,0,0
BRDA:180,14,0,0
BRDA:180,14,1,0
BRDA:215,15,0,0
BRDA:252,16,0,1
BRDA:252,16,1,0
BRDA:254,17,0,0
BRF:23
BRH:4
end_of_record
TN:
SF:src/routes/users.ts
FN:9,(anonymous_1)
FN:45,(anonymous_2)
FN:92,(anonymous_3)
FN:107,(anonymous_4)
FN:123,(anonymous_5)
FN:137,(anonymous_6)
FN:175,(anonymous_7)
FN:176,(anonymous_8)
FN:177,(anonymous_9)
FNF:9
FNH:5
FNDA:1,(anonymous_1)
FNDA:2,(anonymous_2)
FNDA:1,(anonymous_3)
FNDA:1,(anonymous_4)
FNDA:1,(anonymous_5)
FNDA:0,(anonymous_6)
FNDA:0,(anonymous_7)
FNDA:0,(anonymous_8)
FNDA:0,(anonymous_9)
DA:1,1
DA:2,1
DA:3,1
DA:4,1
DA:6,1
DA:9,1
DA:10,1
DA:11,1
DA:13,1
DA:30,1
DA:45,1
DA:46,2
DA:48,2
DA:78,2
DA:79,1
DA:85,1
DA:92,1
DA:93,1
DA:95,1
DA:99,1
DA:107,1
DA:108,1
DA:110,1
DA:115,1
DA:123,1
DA:124,1
DA:126,1
DA:130,1
DA:137,1
DA:138,0
DA:140,0
DA:144,0
DA:145,0
DA:151,0
DA:175,0
DA:176,0
DA:177,0
DA:179,0
DA:197,1
LF:39
LH:30
BRDA:78,0,0,1
BRDA:144,1,0,0
BRDA:175,2,0,0
BRDA:175,2,1,0
BRDA:177,3,0,0
BRDA:177,3,1,0
BRDA:185,4,0,0
BRDA:185,4,1,0
BRF:8
BRH:1
end_of_record
TN:
SF:src/types/enums.ts
FN:37,(anonymous_0)
FN:41,(anonymous_1)
FN:45,(anonymous_2)
FN:49,(anonymous_3)
FNF:4
FNH:0
FNDA:0,(anonymous_0)
FNDA:0,(anonymous_1)
FNDA:0,(anonymous_2)
FNDA:0,(anonymous_3)
DA:3,5
DA:10,5
DA:18,5
DA:27,5
DA:37,5
DA:38,0
DA:41,5
DA:42,0
DA:45,5
DA:46,0
DA:49,5
DA:50,0
LF:12
LH:8
BRF:0
BRH:0
end_of_record
TN:
SF:src/utils/co2Calculator.ts
FN:16,calculateCO2Emissions
FN:29,getCO2Level
FN:40,formatCO2
FN:49,calculateProjectCO2
FN:50,(anonymous_4)
FNF:5
FNH:5
FNDA:8,calculateCO2Emissions
FNDA:9,getCO2Level
FNDA:6,formatCO2
FNDA:7,calculateProjectCO2
FNDA:13,(anonymous_4)
DA:4,3
DA:16,3
DA:20,8
DA:21,8
DA:29,3
DA:30,9
DA:31,6
DA:32,3
DA:40,3
DA:41,6
DA:49,3
DA:50,13
LF:12
LH:12
BRDA:30,0,0,3
BRDA:31,1,0,3
BRF:2
BRH:2
end_of_record
TN:
SF:src/utils/database.ts
FN:14,(anonymous_0)
FN:18,(anonymous_1)
FN:23,(anonymous_2)
FNF:3
FNH:0
FNDA:0,(anonymous_0)
FNDA:0,(anonymous_1)
FNDA:0,(anonymous_2)
DA:1,0
DA:3,0
DA:7,0
DA:11,0
DA:14,0
DA:15,0
DA:18,0
DA:19,0
DA:20,0
DA:23,0
DA:24,0
DA:25,0
DA:28,0
LF:13
LH:0
BRDA:7,0,0,0
BRDA:7,0,1,0
BRDA:8,1,0,0
BRDA:8,1,1,0
BRDA:11,2,0,0
BRF:5
BRH:0
end_of_record
TN:
SF:src/utils/validators.ts
FN:67,(anonymous_0)
FN:68,(anonymous_1)
FN:85,(anonymous_2)
FNF:3
FNH:3
FNDA:3,(anonymous_0)
FNDA:3,(anonymous_1)
FNDA:2,(anonymous_2)
DA:1,1
DA:2,1
DA:5,1
DA:11,1
DA:14,1
DA:21,1
DA:24,1
DA:36,1
DA:42,1
DA:47,1
DA:56,1
DA:62,1
DA:67,1
DA:68,3
DA:69,3
DA:70,3
DA:77,2
DA:78,2
DA:80,1
DA:81,1
DA:85,2
DA:92,0
LF:22
LH:21
BRDA:80,0,0,1
BRF:1
BRH:1
end_of_record
