<?xml version="1.0" ?>
<!DOCTYPE coverage SYSTEM "http://cobertura.sourceforge.net/xml/coverage-04.dtd">
<coverage lines-valid="3531" lines-covered="669" line-rate="0.1894" branches-valid="154" branches-covered="103" branch-rate="0.6688" timestamp="1750752743002" complexity="0" version="0.1">
  <sources>
    <source>/Users/eratel/Documents/ynov/ynovM1/fullStack/ecoTaskv2</source>
  </sources>
  <packages>
    <package name="ecoTaskv2" line-rate="0" branch-rate="0">
      <classes>
        <class name="test-integration.js" filename="test-integration.js" line-rate="0" branch-rate="0">
          <methods>
            <method name="(empty-report)" hits="0" signature="()V">
              <lines>
                <line number="1" hits="0"/>
              </lines>
            </method>
          </methods>
          <lines>
            <line number="1" hits="0" branch="true" condition-coverage="0% (0/1)"/>
            <line number="2" hits="0" branch="false"/>
            <line number="4" hits="0" branch="false"/>
            <line number="5" hits="0" branch="false"/>
            <line number="7" hits="0" branch="false"/>
            <line number="8" hits="0" branch="false"/>
            <line number="9" hits="0" branch="false"/>
            <line number="10" hits="0" branch="false"/>
            <line number="11" hits="0" branch="false"/>
            <line number="12" hits="0" branch="false"/>
            <line number="14" hits="0" branch="false"/>
            <line number="15" hits="0" branch="false"/>
            <line number="16" hits="0" branch="false"/>
            <line number="17" hits="0" branch="false"/>
            <line number="18" hits="0" branch="false"/>
            <line number="19" hits="0" branch="false"/>
            <line number="20" hits="0" branch="false"/>
            <line number="21" hits="0" branch="false"/>
            <line number="22" hits="0" branch="false"/>
            <line number="23" hits="0" branch="false"/>
            <line number="24" hits="0" branch="false"/>
            <line number="25" hits="0" branch="false"/>
            <line number="26" hits="0" branch="false"/>
            <line number="28" hits="0" branch="false"/>
            <line number="29" hits="0" branch="false"/>
            <line number="30" hits="0" branch="false"/>
            <line number="31" hits="0" branch="false"/>
            <line number="32" hits="0" branch="false"/>
            <line number="33" hits="0" branch="false"/>
            <line number="34" hits="0" branch="false"/>
            <line number="35" hits="0" branch="false"/>
            <line number="36" hits="0" branch="false"/>
            <line number="37" hits="0" branch="false"/>
            <line number="38" hits="0" branch="false"/>
            <line number="39" hits="0" branch="false"/>
            <line number="41" hits="0" branch="false"/>
            <line number="42" hits="0" branch="false"/>
            <line number="43" hits="0" branch="false"/>
            <line number="44" hits="0" branch="false"/>
            <line number="45" hits="0" branch="false"/>
            <line number="46" hits="0" branch="false"/>
            <line number="47" hits="0" branch="false"/>
            <line number="48" hits="0" branch="false"/>
            <line number="49" hits="0" branch="false"/>
            <line number="50" hits="0" branch="false"/>
            <line number="51" hits="0" branch="false"/>
            <line number="52" hits="0" branch="false"/>
            <line number="54" hits="0" branch="false"/>
            <line number="55" hits="0" branch="false"/>
            <line number="56" hits="0" branch="false"/>
            <line number="57" hits="0" branch="false"/>
            <line number="58" hits="0" branch="false"/>
            <line number="59" hits="0" branch="false"/>
            <line number="60" hits="0" branch="false"/>
            <line number="61" hits="0" branch="false"/>
            <line number="62" hits="0" branch="false"/>
            <line number="63" hits="0" branch="false"/>
            <line number="64" hits="0" branch="false"/>
            <line number="65" hits="0" branch="false"/>
            <line number="67" hits="0" branch="false"/>
            <line number="68" hits="0" branch="false"/>
            <line number="69" hits="0" branch="false"/>
            <line number="70" hits="0" branch="false"/>
            <line number="71" hits="0" branch="false"/>
            <line number="73" hits="0" branch="false"/>
            <line number="74" hits="0" branch="false"/>
            <line number="75" hits="0" branch="false"/>
            <line number="76" hits="0" branch="false"/>
            <line number="77" hits="0" branch="false"/>
            <line number="78" hits="0" branch="false"/>
            <line number="79" hits="0" branch="false"/>
            <line number="80" hits="0" branch="false"/>
            <line number="82" hits="0" branch="false"/>
            <line number="83" hits="0" branch="false"/>
            <line number="84" hits="0" branch="false"/>
            <line number="85" hits="0" branch="false"/>
            <line number="87" hits="0" branch="false"/>
            <line number="88" hits="0" branch="false"/>
            <line number="89" hits="0" branch="false"/>
            <line number="90" hits="0" branch="false"/>
          </lines>
        </class>
      </classes>
    </package>
    <package name="ecoTaskv2.backend.prisma" line-rate="1" branch-rate="1">
      <classes>
        <class name="seed.ts" filename="backend/prisma/seed.ts" line-rate="0" branch-rate="0">
          <methods>
            <method name="(empty-report)" hits="1" signature="()V">
              <lines>
                <line number="1" hits="1"/>
              </lines>
            </method>
          </methods>
          <lines>
          </lines>
        </class>
      </classes>
    </package>
    <package name="ecoTaskv2.backend.src" line-rate="0" branch-rate="0">
      <classes>
        <class name="index.ts" filename="backend/src/index.ts" line-rate="0" branch-rate="0">
          <methods>
            <method name="(empty-report)" hits="0" signature="()V">
              <lines>
                <line number="1" hits="0"/>
              </lines>
            </method>
          </methods>
          <lines>
            <line number="1" hits="0" branch="true" condition-coverage="0% (0/1)"/>
            <line number="2" hits="0" branch="false"/>
            <line number="3" hits="0" branch="false"/>
            <line number="4" hits="0" branch="false"/>
            <line number="5" hits="0" branch="false"/>
            <line number="7" hits="0" branch="false"/>
            <line number="9" hits="0" branch="false"/>
            <line number="10" hits="0" branch="false"/>
            <line number="13" hits="0" branch="false"/>
            <line number="14" hits="0" branch="false"/>
            <line number="15" hits="0" branch="false"/>
            <line number="16" hits="0" branch="false"/>
            <line number="19" hits="0" branch="false"/>
            <line number="21" hits="0" branch="false"/>
            <line number="22" hits="0" branch="false"/>
            <line number="25" hits="0" branch="false"/>
            <line number="26" hits="0" branch="false"/>
            <line number="27" hits="0" branch="false"/>
            <line number="28" hits="0" branch="false"/>
            <line number="29" hits="0" branch="false"/>
            <line number="30" hits="0" branch="false"/>
            <line number="31" hits="0" branch="false"/>
            <line number="32" hits="0" branch="false"/>
            <line number="33" hits="0" branch="false"/>
            <line number="36" hits="0" branch="false"/>
            <line number="37" hits="0" branch="false"/>
            <line number="38" hits="0" branch="false"/>
            <line number="39" hits="0" branch="false"/>
            <line number="40" hits="0" branch="false"/>
            <line number="41" hits="0" branch="false"/>
            <line number="42" hits="0" branch="false"/>
            <line number="43" hits="0" branch="false"/>
            <line number="46" hits="0" branch="false"/>
            <line number="47" hits="0" branch="false"/>
            <line number="48" hits="0" branch="false"/>
            <line number="49" hits="0" branch="false"/>
            <line number="52" hits="0" branch="false"/>
            <line number="53" hits="0" branch="false"/>
            <line number="56" hits="0" branch="false"/>
            <line number="57" hits="0" branch="false"/>
            <line number="58" hits="0" branch="false"/>
            <line number="59" hits="0" branch="false"/>
            <line number="60" hits="0" branch="false"/>
            <line number="61" hits="0" branch="false"/>
            <line number="63" hits="0" branch="false"/>
          </lines>
        </class>
      </classes>
    </package>
    <package name="ecoTaskv2.backend.src.middleware" line-rate="0" branch-rate="1">
      <classes>
        <class name="errorHandler.ts" filename="backend/src/middleware/errorHandler.ts" line-rate="0" branch-rate="1">
          <methods>
            <method name="(empty-report)" hits="1" signature="()V">
              <lines>
                <line number="1" hits="1"/>
              </lines>
            </method>
          </methods>
          <lines>
            <line number="2" hits="0" branch="false"/>
            <line number="9" hits="0" branch="false"/>
            <line number="10" hits="0" branch="false"/>
            <line number="11" hits="0" branch="false"/>
            <line number="12" hits="0" branch="false"/>
            <line number="13" hits="0" branch="false"/>
            <line number="14" hits="0" branch="false"/>
            <line number="15" hits="0" branch="false"/>
            <line number="16" hits="0" branch="false"/>
            <line number="19" hits="0" branch="false"/>
            <line number="22" hits="0" branch="false"/>
            <line number="23" hits="0" branch="false"/>
            <line number="24" hits="0" branch="false"/>
            <line number="25" hits="0" branch="false"/>
            <line number="26" hits="0" branch="false"/>
            <line number="27" hits="0" branch="false"/>
            <line number="28" hits="0" branch="false"/>
            <line number="29" hits="0" branch="false"/>
            <line number="30" hits="0" branch="false"/>
            <line number="31" hits="0" branch="false"/>
            <line number="32" hits="0" branch="false"/>
            <line number="33" hits="0" branch="false"/>
            <line number="36" hits="0" branch="false"/>
            <line number="37" hits="0" branch="false"/>
            <line number="38" hits="0" branch="false"/>
            <line number="39" hits="0" branch="false"/>
            <line number="42" hits="0" branch="false"/>
            <line number="43" hits="0" branch="false"/>
            <line number="45" hits="0" branch="false"/>
            <line number="46" hits="0" branch="false"/>
            <line number="47" hits="0" branch="false"/>
            <line number="48" hits="0" branch="false"/>
            <line number="49" hits="0" branch="false"/>
            <line number="51" hits="0" branch="false"/>
            <line number="52" hits="0" branch="false"/>
            <line number="54" hits="0" branch="false"/>
            <line number="55" hits="0" branch="false"/>
            <line number="57" hits="0" branch="false"/>
            <line number="58" hits="0" branch="false"/>
            <line number="59" hits="0" branch="false"/>
            <line number="60" hits="0" branch="false"/>
            <line number="61" hits="0" branch="false"/>
            <line number="62" hits="0" branch="false"/>
          </lines>
        </class>
        <class name="notFound.ts" filename="backend/src/middleware/notFound.ts" line-rate="0" branch-rate="1">
          <methods>
            <method name="(empty-report)" hits="1" signature="()V">
              <lines>
                <line number="1" hits="1"/>
              </lines>
            </method>
          </methods>
          <lines>
            <line number="3" hits="0" branch="false"/>
            <line number="4" hits="0" branch="false"/>
            <line number="5" hits="0" branch="false"/>
            <line number="6" hits="0" branch="false"/>
            <line number="7" hits="0" branch="false"/>
          </lines>
        </class>
      </classes>
    </package>
    <package name="ecoTaskv2.backend.src.routes" line-rate="0" branch-rate="0">
      <classes>
        <class name="projects.ts" filename="backend/src/routes/projects.ts" line-rate="0" branch-rate="0">
          <methods>
            <method name="(empty-report)" hits="0" signature="()V">
              <lines>
                <line number="1" hits="0"/>
              </lines>
            </method>
          </methods>
          <lines>
            <line number="1" hits="0" branch="true" condition-coverage="0% (0/1)"/>
            <line number="2" hits="0" branch="false"/>
            <line number="3" hits="0" branch="false"/>
            <line number="4" hits="0" branch="false"/>
            <line number="5" hits="0" branch="false"/>
            <line number="7" hits="0" branch="false"/>
            <line number="10" hits="0" branch="false"/>
            <line number="11" hits="0" branch="false"/>
            <line number="12" hits="0" branch="false"/>
            <line number="14" hits="0" branch="false"/>
            <line number="15" hits="0" branch="false"/>
            <line number="16" hits="0" branch="false"/>
            <line number="17" hits="0" branch="false"/>
            <line number="18" hits="0" branch="false"/>
            <line number="19" hits="0" branch="false"/>
            <line number="20" hits="0" branch="false"/>
            <line number="21" hits="0" branch="false"/>
            <line number="23" hits="0" branch="false"/>
            <line number="24" hits="0" branch="false"/>
            <line number="25" hits="0" branch="false"/>
            <line number="26" hits="0" branch="false"/>
            <line number="27" hits="0" branch="false"/>
            <line number="28" hits="0" branch="false"/>
            <line number="29" hits="0" branch="false"/>
            <line number="30" hits="0" branch="false"/>
            <line number="31" hits="0" branch="false"/>
            <line number="32" hits="0" branch="false"/>
            <line number="33" hits="0" branch="false"/>
            <line number="34" hits="0" branch="false"/>
            <line number="35" hits="0" branch="false"/>
            <line number="36" hits="0" branch="false"/>
            <line number="37" hits="0" branch="false"/>
            <line number="38" hits="0" branch="false"/>
            <line number="39" hits="0" branch="false"/>
            <line number="40" hits="0" branch="false"/>
            <line number="41" hits="0" branch="false"/>
            <line number="42" hits="0" branch="false"/>
            <line number="43" hits="0" branch="false"/>
            <line number="44" hits="0" branch="false"/>
            <line number="45" hits="0" branch="false"/>
            <line number="46" hits="0" branch="false"/>
            <line number="47" hits="0" branch="false"/>
            <line number="50" hits="0" branch="false"/>
            <line number="51" hits="0" branch="false"/>
            <line number="52" hits="0" branch="false"/>
            <line number="53" hits="0" branch="false"/>
            <line number="55" hits="0" branch="false"/>
            <line number="56" hits="0" branch="false"/>
            <line number="57" hits="0" branch="false"/>
            <line number="58" hits="0" branch="false"/>
            <line number="59" hits="0" branch="false"/>
            <line number="60" hits="0" branch="false"/>
            <line number="61" hits="0" branch="false"/>
            <line number="62" hits="0" branch="false"/>
            <line number="63" hits="0" branch="false"/>
            <line number="64" hits="0" branch="false"/>
            <line number="65" hits="0" branch="false"/>
            <line number="66" hits="0" branch="false"/>
            <line number="67" hits="0" branch="false"/>
            <line number="70" hits="0" branch="false"/>
            <line number="71" hits="0" branch="false"/>
            <line number="73" hits="0" branch="false"/>
            <line number="74" hits="0" branch="false"/>
            <line number="75" hits="0" branch="false"/>
            <line number="76" hits="0" branch="false"/>
            <line number="77" hits="0" branch="false"/>
            <line number="78" hits="0" branch="false"/>
            <line number="79" hits="0" branch="false"/>
            <line number="80" hits="0" branch="false"/>
            <line number="81" hits="0" branch="false"/>
            <line number="82" hits="0" branch="false"/>
            <line number="83" hits="0" branch="false"/>
            <line number="84" hits="0" branch="false"/>
            <line number="85" hits="0" branch="false"/>
            <line number="86" hits="0" branch="false"/>
            <line number="87" hits="0" branch="false"/>
            <line number="88" hits="0" branch="false"/>
            <line number="89" hits="0" branch="false"/>
            <line number="90" hits="0" branch="false"/>
            <line number="91" hits="0" branch="false"/>
            <line number="92" hits="0" branch="false"/>
            <line number="93" hits="0" branch="false"/>
            <line number="94" hits="0" branch="false"/>
            <line number="95" hits="0" branch="false"/>
            <line number="97" hits="0" branch="false"/>
            <line number="98" hits="0" branch="false"/>
            <line number="99" hits="0" branch="false"/>
            <line number="100" hits="0" branch="false"/>
            <line number="101" hits="0" branch="false"/>
            <line number="102" hits="0" branch="false"/>
            <line number="105" hits="0" branch="false"/>
            <line number="106" hits="0" branch="false"/>
            <line number="107" hits="0" branch="false"/>
            <line number="108" hits="0" branch="false"/>
            <line number="110" hits="0" branch="false"/>
            <line number="111" hits="0" branch="false"/>
            <line number="112" hits="0" branch="false"/>
            <line number="113" hits="0" branch="false"/>
            <line number="114" hits="0" branch="false"/>
            <line number="117" hits="0" branch="false"/>
            <line number="118" hits="0" branch="false"/>
            <line number="120" hits="0" branch="false"/>
            <line number="121" hits="0" branch="false"/>
            <line number="122" hits="0" branch="false"/>
            <line number="123" hits="0" branch="false"/>
            <line number="124" hits="0" branch="false"/>
            <line number="125" hits="0" branch="false"/>
            <line number="126" hits="0" branch="false"/>
            <line number="127" hits="0" branch="false"/>
            <line number="128" hits="0" branch="false"/>
            <line number="129" hits="0" branch="false"/>
            <line number="130" hits="0" branch="false"/>
            <line number="131" hits="0" branch="false"/>
            <line number="132" hits="0" branch="false"/>
            <line number="133" hits="0" branch="false"/>
            <line number="134" hits="0" branch="false"/>
            <line number="135" hits="0" branch="false"/>
            <line number="136" hits="0" branch="false"/>
            <line number="137" hits="0" branch="false"/>
            <line number="138" hits="0" branch="false"/>
            <line number="139" hits="0" branch="false"/>
            <line number="142" hits="0" branch="false"/>
            <line number="143" hits="0" branch="false"/>
            <line number="144" hits="0" branch="false"/>
            <line number="145" hits="0" branch="false"/>
            <line number="147" hits="0" branch="false"/>
            <line number="148" hits="0" branch="false"/>
            <line number="149" hits="0" branch="false"/>
            <line number="150" hits="0" branch="false"/>
            <line number="151" hits="0" branch="false"/>
            <line number="152" hits="0" branch="false"/>
            <line number="155" hits="0" branch="false"/>
            <line number="156" hits="0" branch="false"/>
            <line number="159" hits="0" branch="false"/>
            <line number="161" hits="0" branch="false"/>
            <line number="162" hits="0" branch="false"/>
            <line number="163" hits="0" branch="false"/>
            <line number="164" hits="0" branch="false"/>
            <line number="167" hits="0" branch="false"/>
            <line number="169" hits="0" branch="false"/>
            <line number="170" hits="0" branch="false"/>
            <line number="171" hits="0" branch="false"/>
            <line number="174" hits="0" branch="false"/>
            <line number="175" hits="0" branch="false"/>
            <line number="176" hits="0" branch="false"/>
            <line number="177" hits="0" branch="false"/>
            <line number="178" hits="0" branch="false"/>
            <line number="179" hits="0" branch="false"/>
            <line number="180" hits="0" branch="false"/>
            <line number="181" hits="0" branch="false"/>
            <line number="182" hits="0" branch="false"/>
            <line number="185" hits="0" branch="false"/>
            <line number="186" hits="0" branch="false"/>
            <line number="187" hits="0" branch="false"/>
            <line number="188" hits="0" branch="false"/>
            <line number="189" hits="0" branch="false"/>
            <line number="190" hits="0" branch="false"/>
            <line number="191" hits="0" branch="false"/>
            <line number="192" hits="0" branch="false"/>
            <line number="193" hits="0" branch="false"/>
            <line number="194" hits="0" branch="false"/>
            <line number="195" hits="0" branch="false"/>
            <line number="196" hits="0" branch="false"/>
            <line number="197" hits="0" branch="false"/>
            <line number="198" hits="0" branch="false"/>
            <line number="199" hits="0" branch="false"/>
            <line number="200" hits="0" branch="false"/>
            <line number="203" hits="0" branch="false"/>
            <line number="204" hits="0" branch="false"/>
            <line number="205" hits="0" branch="false"/>
            <line number="206" hits="0" branch="false"/>
            <line number="208" hits="0" branch="false"/>
            <line number="209" hits="0" branch="false"/>
            <line number="210" hits="0" branch="false"/>
            <line number="211" hits="0" branch="false"/>
            <line number="212" hits="0" branch="false"/>
            <line number="213" hits="0" branch="false"/>
            <line number="216" hits="0" branch="false"/>
            <line number="217" hits="0" branch="false"/>
            <line number="219" hits="0" branch="false"/>
            <line number="220" hits="0" branch="false"/>
            <line number="221" hits="0" branch="false"/>
            <line number="223" hits="0" branch="false"/>
            <line number="224" hits="0" branch="false"/>
            <line number="225" hits="0" branch="false"/>
            <line number="226" hits="0" branch="false"/>
            <line number="227" hits="0" branch="false"/>
            <line number="230" hits="0" branch="false"/>
            <line number="231" hits="0" branch="false"/>
            <line number="233" hits="0" branch="false"/>
            <line number="234" hits="0" branch="false"/>
            <line number="235" hits="0" branch="false"/>
            <line number="236" hits="0" branch="false"/>
            <line number="238" hits="0" branch="false"/>
            <line number="240" hits="0" branch="false"/>
            <line number="241" hits="0" branch="false"/>
            <line number="242" hits="0" branch="false"/>
            <line number="243" hits="0" branch="false"/>
            <line number="245" hits="0" branch="false"/>
            <line number="246" hits="0" branch="false"/>
            <line number="247" hits="0" branch="false"/>
            <line number="248" hits="0" branch="false"/>
            <line number="249" hits="0" branch="false"/>
            <line number="250" hits="0" branch="false"/>
            <line number="252" hits="0" branch="false"/>
          </lines>
        </class>
        <class name="stats.ts" filename="backend/src/routes/stats.ts" line-rate="0" branch-rate="0">
          <methods>
            <method name="(empty-report)" hits="0" signature="()V">
              <lines>
                <line number="1" hits="0"/>
              </lines>
            </method>
          </methods>
          <lines>
            <line number="1" hits="0" branch="true" condition-coverage="0% (0/1)"/>
            <line number="2" hits="0" branch="false"/>
            <line number="3" hits="0" branch="false"/>
            <line number="5" hits="0" branch="false"/>
            <line number="8" hits="0" branch="false"/>
            <line number="9" hits="0" branch="false"/>
            <line number="10" hits="0" branch="false"/>
            <line number="11" hits="0" branch="false"/>
            <line number="12" hits="0" branch="false"/>
            <line number="13" hits="0" branch="false"/>
            <line number="14" hits="0" branch="false"/>
            <line number="15" hits="0" branch="false"/>
            <line number="16" hits="0" branch="false"/>
            <line number="17" hits="0" branch="false"/>
            <line number="19" hits="0" branch="false"/>
            <line number="22" hits="0" branch="false"/>
            <line number="25" hits="0" branch="false"/>
            <line number="28" hits="0" branch="false"/>
            <line number="29" hits="0" branch="false"/>
            <line number="30" hits="0" branch="false"/>
            <line number="33" hits="0" branch="false"/>
            <line number="34" hits="0" branch="false"/>
            <line number="35" hits="0" branch="false"/>
            <line number="36" hits="0" branch="false"/>
            <line number="37" hits="0" branch="false"/>
            <line number="38" hits="0" branch="false"/>
            <line number="39" hits="0" branch="false"/>
            <line number="40" hits="0" branch="false"/>
            <line number="41" hits="0" branch="false"/>
            <line number="44" hits="0" branch="false"/>
            <line number="45" hits="0" branch="false"/>
            <line number="46" hits="0" branch="false"/>
            <line number="47" hits="0" branch="false"/>
            <line number="48" hits="0" branch="false"/>
            <line number="49" hits="0" branch="false"/>
            <line number="52" hits="0" branch="false"/>
            <line number="60" hits="0" branch="false"/>
            <line number="61" hits="0" branch="false"/>
            <line number="64" hits="0" branch="false"/>
            <line number="67" hits="0" branch="false"/>
            <line number="68" hits="0" branch="false"/>
            <line number="69" hits="0" branch="false"/>
            <line number="70" hits="0" branch="false"/>
            <line number="71" hits="0" branch="false"/>
            <line number="72" hits="0" branch="false"/>
            <line number="73" hits="0" branch="false"/>
            <line number="74" hits="0" branch="false"/>
            <line number="75" hits="0" branch="false"/>
            <line number="76" hits="0" branch="false"/>
            <line number="77" hits="0" branch="false"/>
            <line number="78" hits="0" branch="false"/>
            <line number="79" hits="0" branch="false"/>
            <line number="80" hits="0" branch="false"/>
            <line number="81" hits="0" branch="false"/>
            <line number="82" hits="0" branch="false"/>
            <line number="83" hits="0" branch="false"/>
            <line number="84" hits="0" branch="false"/>
            <line number="85" hits="0" branch="false"/>
            <line number="86" hits="0" branch="false"/>
            <line number="87" hits="0" branch="false"/>
            <line number="88" hits="0" branch="false"/>
            <line number="90" hits="0" branch="false"/>
            <line number="91" hits="0" branch="false"/>
            <line number="92" hits="0" branch="false"/>
            <line number="93" hits="0" branch="false"/>
            <line number="94" hits="0" branch="false"/>
            <line number="97" hits="0" branch="false"/>
            <line number="98" hits="0" branch="false"/>
            <line number="100" hits="0" branch="false"/>
            <line number="101" hits="0" branch="false"/>
            <line number="103" hits="0" branch="false"/>
            <line number="104" hits="0" branch="false"/>
            <line number="105" hits="0" branch="false"/>
            <line number="106" hits="0" branch="false"/>
            <line number="107" hits="0" branch="false"/>
            <line number="108" hits="0" branch="false"/>
            <line number="109" hits="0" branch="false"/>
            <line number="111" hits="0" branch="false"/>
            <line number="113" hits="0" branch="false"/>
            <line number="117" hits="0" branch="false"/>
            <line number="120" hits="0" branch="false"/>
            <line number="122" hits="0" branch="false"/>
            <line number="123" hits="0" branch="false"/>
            <line number="124" hits="0" branch="false"/>
            <line number="125" hits="0" branch="false"/>
            <line number="126" hits="0" branch="false"/>
            <line number="127" hits="0" branch="false"/>
            <line number="128" hits="0" branch="false"/>
            <line number="129" hits="0" branch="false"/>
            <line number="130" hits="0" branch="false"/>
            <line number="131" hits="0" branch="false"/>
            <line number="132" hits="0" branch="false"/>
            <line number="135" hits="0" branch="false"/>
            <line number="136" hits="0" branch="false"/>
            <line number="138" hits="0" branch="false"/>
            <line number="139" hits="0" branch="false"/>
            <line number="140" hits="0" branch="false"/>
            <line number="141" hits="0" branch="false"/>
            <line number="142" hits="0" branch="false"/>
            <line number="143" hits="0" branch="false"/>
            <line number="145" hits="0" branch="false"/>
            <line number="146" hits="0" branch="false"/>
            <line number="147" hits="0" branch="false"/>
            <line number="148" hits="0" branch="false"/>
            <line number="149" hits="0" branch="false"/>
            <line number="150" hits="0" branch="false"/>
            <line number="151" hits="0" branch="false"/>
            <line number="152" hits="0" branch="false"/>
            <line number="155" hits="0" branch="false"/>
            <line number="156" hits="0" branch="false"/>
            <line number="157" hits="0" branch="false"/>
            <line number="158" hits="0" branch="false"/>
            <line number="159" hits="0" branch="false"/>
            <line number="160" hits="0" branch="false"/>
            <line number="161" hits="0" branch="false"/>
            <line number="162" hits="0" branch="false"/>
            <line number="163" hits="0" branch="false"/>
            <line number="164" hits="0" branch="false"/>
            <line number="167" hits="0" branch="false"/>
            <line number="172" hits="0" branch="false"/>
            <line number="176" hits="0" branch="false"/>
            <line number="179" hits="0" branch="false"/>
            <line number="180" hits="0" branch="false"/>
            <line number="181" hits="0" branch="false"/>
            <line number="182" hits="0" branch="false"/>
            <line number="183" hits="0" branch="false"/>
            <line number="184" hits="0" branch="false"/>
            <line number="185" hits="0" branch="false"/>
            <line number="186" hits="0" branch="false"/>
            <line number="187" hits="0" branch="false"/>
            <line number="189" hits="0" branch="false"/>
            <line number="190" hits="0" branch="false"/>
            <line number="191" hits="0" branch="false"/>
            <line number="192" hits="0" branch="false"/>
            <line number="193" hits="0" branch="false"/>
            <line number="194" hits="0" branch="false"/>
            <line number="197" hits="0" branch="false"/>
            <line number="198" hits="0" branch="false"/>
            <line number="199" hits="0" branch="false"/>
            <line number="200" hits="0" branch="false"/>
            <line number="201" hits="0" branch="false"/>
            <line number="203" hits="0" branch="false"/>
            <line number="204" hits="0" branch="false"/>
            <line number="205" hits="0" branch="false"/>
            <line number="206" hits="0" branch="false"/>
            <line number="207" hits="0" branch="false"/>
            <line number="208" hits="0" branch="false"/>
            <line number="209" hits="0" branch="false"/>
            <line number="210" hits="0" branch="false"/>
            <line number="211" hits="0" branch="false"/>
            <line number="213" hits="0" branch="false"/>
            <line number="214" hits="0" branch="false"/>
            <line number="215" hits="0" branch="false"/>
            <line number="216" hits="0" branch="false"/>
            <line number="217" hits="0" branch="false"/>
            <line number="218" hits="0" branch="false"/>
            <line number="219" hits="0" branch="false"/>
            <line number="220" hits="0" branch="false"/>
            <line number="221" hits="0" branch="false"/>
            <line number="222" hits="0" branch="false"/>
            <line number="223" hits="0" branch="false"/>
            <line number="224" hits="0" branch="false"/>
            <line number="225" hits="0" branch="false"/>
            <line number="226" hits="0" branch="false"/>
            <line number="227" hits="0" branch="false"/>
            <line number="228" hits="0" branch="false"/>
            <line number="229" hits="0" branch="false"/>
            <line number="230" hits="0" branch="false"/>
            <line number="231" hits="0" branch="false"/>
            <line number="232" hits="0" branch="false"/>
            <line number="233" hits="0" branch="false"/>
            <line number="234" hits="0" branch="false"/>
            <line number="235" hits="0" branch="false"/>
            <line number="238" hits="0" branch="false"/>
            <line number="239" hits="0" branch="false"/>
            <line number="241" hits="0" branch="false"/>
            <line number="242" hits="0" branch="false"/>
            <line number="243" hits="0" branch="false"/>
            <line number="244" hits="0" branch="false"/>
            <line number="245" hits="0" branch="false"/>
            <line number="246" hits="0" branch="false"/>
            <line number="248" hits="0" branch="false"/>
            <line number="249" hits="0" branch="false"/>
            <line number="250" hits="0" branch="false"/>
            <line number="253" hits="0" branch="false"/>
            <line number="254" hits="0" branch="false"/>
            <line number="255" hits="0" branch="false"/>
            <line number="256" hits="0" branch="false"/>
            <line number="257" hits="0" branch="false"/>
            <line number="258" hits="0" branch="false"/>
            <line number="259" hits="0" branch="false"/>
            <line number="260" hits="0" branch="false"/>
            <line number="261" hits="0" branch="false"/>
            <line number="262" hits="0" branch="false"/>
            <line number="265" hits="0" branch="false"/>
            <line number="266" hits="0" branch="false"/>
            <line number="267" hits="0" branch="false"/>
            <line number="268" hits="0" branch="false"/>
            <line number="269" hits="0" branch="false"/>
            <line number="270" hits="0" branch="false"/>
            <line number="271" hits="0" branch="false"/>
            <line number="272" hits="0" branch="false"/>
            <line number="273" hits="0" branch="false"/>
            <line number="274" hits="0" branch="false"/>
            <line number="275" hits="0" branch="false"/>
            <line number="276" hits="0" branch="false"/>
            <line number="277" hits="0" branch="false"/>
            <line number="278" hits="0" branch="false"/>
            <line number="279" hits="0" branch="false"/>
            <line number="280" hits="0" branch="false"/>
            <line number="283" hits="0" branch="false"/>
            <line number="288" hits="0" branch="false"/>
            <line number="292" hits="0" branch="false"/>
            <line number="293" hits="0" branch="false"/>
            <line number="295" hits="0" branch="false"/>
            <line number="296" hits="0" branch="false"/>
            <line number="297" hits="0" branch="false"/>
            <line number="298" hits="0" branch="false"/>
            <line number="299" hits="0" branch="false"/>
            <line number="300" hits="0" branch="false"/>
            <line number="302" hits="0" branch="false"/>
            <line number="303" hits="0" branch="false"/>
            <line number="304" hits="0" branch="false"/>
            <line number="306" hits="0" branch="false"/>
            <line number="307" hits="0" branch="false"/>
            <line number="308" hits="0" branch="false"/>
            <line number="309" hits="0" branch="false"/>
            <line number="310" hits="0" branch="false"/>
            <line number="311" hits="0" branch="false"/>
            <line number="312" hits="0" branch="false"/>
            <line number="313" hits="0" branch="false"/>
            <line number="314" hits="0" branch="false"/>
            <line number="315" hits="0" branch="false"/>
            <line number="316" hits="0" branch="false"/>
            <line number="317" hits="0" branch="false"/>
            <line number="318" hits="0" branch="false"/>
            <line number="319" hits="0" branch="false"/>
            <line number="320" hits="0" branch="false"/>
            <line number="321" hits="0" branch="false"/>
            <line number="322" hits="0" branch="false"/>
            <line number="323" hits="0" branch="false"/>
            <line number="324" hits="0" branch="false"/>
            <line number="325" hits="0" branch="false"/>
            <line number="326" hits="0" branch="false"/>
            <line number="327" hits="0" branch="false"/>
            <line number="328" hits="0" branch="false"/>
            <line number="329" hits="0" branch="false"/>
            <line number="330" hits="0" branch="false"/>
            <line number="331" hits="0" branch="false"/>
            <line number="332" hits="0" branch="false"/>
            <line number="333" hits="0" branch="false"/>
            <line number="334" hits="0" branch="false"/>
            <line number="335" hits="0" branch="false"/>
            <line number="336" hits="0" branch="false"/>
            <line number="338" hits="0" branch="false"/>
          </lines>
        </class>
        <class name="tasks.ts" filename="backend/src/routes/tasks.ts" line-rate="0" branch-rate="0">
          <methods>
            <method name="(empty-report)" hits="0" signature="()V">
              <lines>
                <line number="1" hits="0"/>
              </lines>
            </method>
          </methods>
          <lines>
            <line number="1" hits="0" branch="true" condition-coverage="0% (0/1)"/>
            <line number="2" hits="0" branch="false"/>
            <line number="3" hits="0" branch="false"/>
            <line number="4" hits="0" branch="false"/>
            <line number="5" hits="0" branch="false"/>
            <line number="7" hits="0" branch="false"/>
            <line number="10" hits="0" branch="false"/>
            <line number="11" hits="0" branch="false"/>
            <line number="12" hits="0" branch="false"/>
            <line number="14" hits="0" branch="false"/>
            <line number="15" hits="0" branch="false"/>
            <line number="16" hits="0" branch="false"/>
            <line number="17" hits="0" branch="false"/>
            <line number="18" hits="0" branch="false"/>
            <line number="19" hits="0" branch="false"/>
            <line number="20" hits="0" branch="false"/>
            <line number="21" hits="0" branch="false"/>
            <line number="22" hits="0" branch="false"/>
            <line number="23" hits="0" branch="false"/>
            <line number="24" hits="0" branch="false"/>
            <line number="25" hits="0" branch="false"/>
            <line number="27" hits="0" branch="false"/>
            <line number="28" hits="0" branch="false"/>
            <line number="29" hits="0" branch="false"/>
            <line number="30" hits="0" branch="false"/>
            <line number="31" hits="0" branch="false"/>
            <line number="32" hits="0" branch="false"/>
            <line number="33" hits="0" branch="false"/>
            <line number="34" hits="0" branch="false"/>
            <line number="35" hits="0" branch="false"/>
            <line number="36" hits="0" branch="false"/>
            <line number="37" hits="0" branch="false"/>
            <line number="38" hits="0" branch="false"/>
            <line number="39" hits="0" branch="false"/>
            <line number="40" hits="0" branch="false"/>
            <line number="41" hits="0" branch="false"/>
            <line number="42" hits="0" branch="false"/>
            <line number="43" hits="0" branch="false"/>
            <line number="45" hits="0" branch="false"/>
            <line number="46" hits="0" branch="false"/>
            <line number="47" hits="0" branch="false"/>
            <line number="48" hits="0" branch="false"/>
            <line number="49" hits="0" branch="false"/>
            <line number="50" hits="0" branch="false"/>
            <line number="51" hits="0" branch="false"/>
            <line number="52" hits="0" branch="false"/>
            <line number="53" hits="0" branch="false"/>
            <line number="54" hits="0" branch="false"/>
            <line number="55" hits="0" branch="false"/>
            <line number="56" hits="0" branch="false"/>
            <line number="57" hits="0" branch="false"/>
            <line number="60" hits="0" branch="false"/>
            <line number="61" hits="0" branch="false"/>
            <line number="63" hits="0" branch="false"/>
            <line number="64" hits="0" branch="false"/>
            <line number="65" hits="0" branch="false"/>
            <line number="66" hits="0" branch="false"/>
            <line number="67" hits="0" branch="false"/>
            <line number="68" hits="0" branch="false"/>
            <line number="69" hits="0" branch="false"/>
            <line number="70" hits="0" branch="false"/>
            <line number="71" hits="0" branch="false"/>
            <line number="72" hits="0" branch="false"/>
            <line number="73" hits="0" branch="false"/>
            <line number="75" hits="0" branch="false"/>
            <line number="76" hits="0" branch="false"/>
            <line number="77" hits="0" branch="false"/>
            <line number="78" hits="0" branch="false"/>
            <line number="79" hits="0" branch="false"/>
            <line number="80" hits="0" branch="false"/>
            <line number="82" hits="0" branch="false"/>
            <line number="83" hits="0" branch="false"/>
            <line number="84" hits="0" branch="false"/>
            <line number="85" hits="0" branch="false"/>
            <line number="86" hits="0" branch="false"/>
            <line number="89" hits="0" branch="false"/>
            <line number="90" hits="0" branch="false"/>
            <line number="93" hits="0" branch="false"/>
            <line number="95" hits="0" branch="false"/>
            <line number="97" hits="0" branch="false"/>
            <line number="98" hits="0" branch="false"/>
            <line number="99" hits="0" branch="false"/>
            <line number="100" hits="0" branch="false"/>
            <line number="101" hits="0" branch="false"/>
            <line number="102" hits="0" branch="false"/>
            <line number="103" hits="0" branch="false"/>
            <line number="104" hits="0" branch="false"/>
            <line number="105" hits="0" branch="false"/>
            <line number="106" hits="0" branch="false"/>
            <line number="107" hits="0" branch="false"/>
            <line number="108" hits="0" branch="false"/>
            <line number="109" hits="0" branch="false"/>
            <line number="110" hits="0" branch="false"/>
            <line number="111" hits="0" branch="false"/>
            <line number="114" hits="0" branch="false"/>
            <line number="115" hits="0" branch="false"/>
            <line number="116" hits="0" branch="false"/>
            <line number="117" hits="0" branch="false"/>
            <line number="119" hits="0" branch="false"/>
            <line number="121" hits="0" branch="false"/>
            <line number="122" hits="0" branch="false"/>
            <line number="123" hits="0" branch="false"/>
            <line number="124" hits="0" branch="false"/>
            <line number="126" hits="0" branch="false"/>
            <line number="127" hits="0" branch="false"/>
            <line number="129" hits="0" branch="false"/>
            <line number="130" hits="0" branch="false"/>
            <line number="131" hits="0" branch="false"/>
            <line number="132" hits="0" branch="false"/>
            <line number="133" hits="0" branch="false"/>
            <line number="134" hits="0" branch="false"/>
            <line number="137" hits="0" branch="false"/>
            <line number="138" hits="0" branch="false"/>
            <line number="140" hits="0" branch="false"/>
            <line number="142" hits="0" branch="false"/>
            <line number="143" hits="0" branch="false"/>
            <line number="144" hits="0" branch="false"/>
            <line number="145" hits="0" branch="false"/>
            <line number="147" hits="0" branch="false"/>
            <line number="148" hits="0" branch="false"/>
            <line number="149" hits="0" branch="false"/>
            <line number="152" hits="0" branch="false"/>
            <line number="154" hits="0" branch="false"/>
            <line number="155" hits="0" branch="false"/>
            <line number="156" hits="0" branch="false"/>
            <line number="159" hits="0" branch="false"/>
            <line number="160" hits="0" branch="false"/>
            <line number="161" hits="0" branch="false"/>
            <line number="162" hits="0" branch="false"/>
            <line number="163" hits="0" branch="false"/>
            <line number="166" hits="0" branch="false"/>
            <line number="167" hits="0" branch="false"/>
            <line number="168" hits="0" branch="false"/>
            <line number="169" hits="0" branch="false"/>
            <line number="170" hits="0" branch="false"/>
            <line number="171" hits="0" branch="false"/>
            <line number="172" hits="0" branch="false"/>
            <line number="173" hits="0" branch="false"/>
            <line number="174" hits="0" branch="false"/>
            <line number="175" hits="0" branch="false"/>
            <line number="176" hits="0" branch="false"/>
            <line number="177" hits="0" branch="false"/>
            <line number="180" hits="0" branch="false"/>
            <line number="181" hits="0" branch="false"/>
            <line number="182" hits="0" branch="false"/>
            <line number="183" hits="0" branch="false"/>
            <line number="184" hits="0" branch="false"/>
            <line number="186" hits="0" branch="false"/>
            <line number="188" hits="0" branch="false"/>
            <line number="189" hits="0" branch="false"/>
            <line number="190" hits="0" branch="false"/>
            <line number="191" hits="0" branch="false"/>
            <line number="192" hits="0" branch="false"/>
            <line number="194" hits="0" branch="false"/>
            <line number="195" hits="0" branch="false"/>
            <line number="197" hits="0" branch="false"/>
            <line number="198" hits="0" branch="false"/>
            <line number="199" hits="0" branch="false"/>
            <line number="200" hits="0" branch="false"/>
            <line number="201" hits="0" branch="false"/>
            <line number="202" hits="0" branch="false"/>
            <line number="205" hits="0" branch="false"/>
            <line number="206" hits="0" branch="false"/>
            <line number="208" hits="0" branch="false"/>
            <line number="210" hits="0" branch="false"/>
            <line number="211" hits="0" branch="false"/>
            <line number="212" hits="0" branch="false"/>
            <line number="213" hits="0" branch="false"/>
            <line number="215" hits="0" branch="false"/>
            <line number="216" hits="0" branch="false"/>
            <line number="217" hits="0" branch="false"/>
            <line number="220" hits="0" branch="false"/>
            <line number="221" hits="0" branch="false"/>
            <line number="222" hits="0" branch="false"/>
            <line number="225" hits="0" branch="false"/>
            <line number="226" hits="0" branch="false"/>
            <line number="227" hits="0" branch="false"/>
            <line number="228" hits="0" branch="false"/>
            <line number="230" hits="0" branch="false"/>
            <line number="232" hits="0" branch="false"/>
            <line number="233" hits="0" branch="false"/>
            <line number="234" hits="0" branch="false"/>
            <line number="235" hits="0" branch="false"/>
            <line number="236" hits="0" branch="false"/>
            <line number="238" hits="0" branch="false"/>
            <line number="239" hits="0" branch="false"/>
            <line number="240" hits="0" branch="false"/>
            <line number="241" hits="0" branch="false"/>
            <line number="242" hits="0" branch="false"/>
            <line number="245" hits="0" branch="false"/>
            <line number="246" hits="0" branch="false"/>
            <line number="247" hits="0" branch="false"/>
            <line number="249" hits="0" branch="false"/>
            <line number="252" hits="0" branch="false"/>
            <line number="253" hits="0" branch="false"/>
            <line number="254" hits="0" branch="false"/>
            <line number="255" hits="0" branch="false"/>
            <line number="256" hits="0" branch="false"/>
            <line number="258" hits="0" branch="false"/>
            <line number="259" hits="0" branch="false"/>
            <line number="260" hits="0" branch="false"/>
            <line number="261" hits="0" branch="false"/>
            <line number="262" hits="0" branch="false"/>
            <line number="263" hits="0" branch="false"/>
            <line number="264" hits="0" branch="false"/>
            <line number="265" hits="0" branch="false"/>
            <line number="266" hits="0" branch="false"/>
            <line number="267" hits="0" branch="false"/>
            <line number="268" hits="0" branch="false"/>
            <line number="269" hits="0" branch="false"/>
            <line number="271" hits="0" branch="false"/>
            <line number="272" hits="0" branch="false"/>
            <line number="273" hits="0" branch="false"/>
            <line number="274" hits="0" branch="false"/>
            <line number="275" hits="0" branch="false"/>
            <line number="276" hits="0" branch="false"/>
            <line number="278" hits="0" branch="false"/>
          </lines>
        </class>
        <class name="users.ts" filename="backend/src/routes/users.ts" line-rate="0" branch-rate="0">
          <methods>
            <method name="(empty-report)" hits="0" signature="()V">
              <lines>
                <line number="1" hits="0"/>
              </lines>
            </method>
          </methods>
          <lines>
            <line number="1" hits="0" branch="true" condition-coverage="0% (0/1)"/>
            <line number="2" hits="0" branch="false"/>
            <line number="3" hits="0" branch="false"/>
            <line number="4" hits="0" branch="false"/>
            <line number="6" hits="0" branch="false"/>
            <line number="9" hits="0" branch="false"/>
            <line number="10" hits="0" branch="false"/>
            <line number="11" hits="0" branch="false"/>
            <line number="13" hits="0" branch="false"/>
            <line number="14" hits="0" branch="false"/>
            <line number="15" hits="0" branch="false"/>
            <line number="16" hits="0" branch="false"/>
            <line number="17" hits="0" branch="false"/>
            <line number="18" hits="0" branch="false"/>
            <line number="19" hits="0" branch="false"/>
            <line number="20" hits="0" branch="false"/>
            <line number="21" hits="0" branch="false"/>
            <line number="22" hits="0" branch="false"/>
            <line number="23" hits="0" branch="false"/>
            <line number="24" hits="0" branch="false"/>
            <line number="25" hits="0" branch="false"/>
            <line number="26" hits="0" branch="false"/>
            <line number="27" hits="0" branch="false"/>
            <line number="28" hits="0" branch="false"/>
            <line number="30" hits="0" branch="false"/>
            <line number="31" hits="0" branch="false"/>
            <line number="32" hits="0" branch="false"/>
            <line number="33" hits="0" branch="false"/>
            <line number="34" hits="0" branch="false"/>
            <line number="35" hits="0" branch="false"/>
            <line number="36" hits="0" branch="false"/>
            <line number="37" hits="0" branch="false"/>
            <line number="38" hits="0" branch="false"/>
            <line number="39" hits="0" branch="false"/>
            <line number="40" hits="0" branch="false"/>
            <line number="41" hits="0" branch="false"/>
            <line number="42" hits="0" branch="false"/>
            <line number="45" hits="0" branch="false"/>
            <line number="46" hits="0" branch="false"/>
            <line number="48" hits="0" branch="false"/>
            <line number="49" hits="0" branch="false"/>
            <line number="50" hits="0" branch="false"/>
            <line number="51" hits="0" branch="false"/>
            <line number="52" hits="0" branch="false"/>
            <line number="53" hits="0" branch="false"/>
            <line number="54" hits="0" branch="false"/>
            <line number="55" hits="0" branch="false"/>
            <line number="56" hits="0" branch="false"/>
            <line number="57" hits="0" branch="false"/>
            <line number="58" hits="0" branch="false"/>
            <line number="59" hits="0" branch="false"/>
            <line number="60" hits="0" branch="false"/>
            <line number="61" hits="0" branch="false"/>
            <line number="62" hits="0" branch="false"/>
            <line number="63" hits="0" branch="false"/>
            <line number="64" hits="0" branch="false"/>
            <line number="65" hits="0" branch="false"/>
            <line number="66" hits="0" branch="false"/>
            <line number="67" hits="0" branch="false"/>
            <line number="68" hits="0" branch="false"/>
            <line number="69" hits="0" branch="false"/>
            <line number="70" hits="0" branch="false"/>
            <line number="71" hits="0" branch="false"/>
            <line number="72" hits="0" branch="false"/>
            <line number="73" hits="0" branch="false"/>
            <line number="74" hits="0" branch="false"/>
            <line number="75" hits="0" branch="false"/>
            <line number="76" hits="0" branch="false"/>
            <line number="78" hits="0" branch="false"/>
            <line number="79" hits="0" branch="false"/>
            <line number="80" hits="0" branch="false"/>
            <line number="81" hits="0" branch="false"/>
            <line number="82" hits="0" branch="false"/>
            <line number="83" hits="0" branch="false"/>
            <line number="85" hits="0" branch="false"/>
            <line number="86" hits="0" branch="false"/>
            <line number="87" hits="0" branch="false"/>
            <line number="88" hits="0" branch="false"/>
            <line number="89" hits="0" branch="false"/>
            <line number="92" hits="0" branch="false"/>
            <line number="93" hits="0" branch="false"/>
            <line number="95" hits="0" branch="false"/>
            <line number="96" hits="0" branch="false"/>
            <line number="97" hits="0" branch="false"/>
            <line number="99" hits="0" branch="false"/>
            <line number="100" hits="0" branch="false"/>
            <line number="101" hits="0" branch="false"/>
            <line number="102" hits="0" branch="false"/>
            <line number="103" hits="0" branch="false"/>
            <line number="104" hits="0" branch="false"/>
            <line number="107" hits="0" branch="false"/>
            <line number="108" hits="0" branch="false"/>
            <line number="110" hits="0" branch="false"/>
            <line number="111" hits="0" branch="false"/>
            <line number="112" hits="0" branch="false"/>
            <line number="113" hits="0" branch="false"/>
            <line number="115" hits="0" branch="false"/>
            <line number="116" hits="0" branch="false"/>
            <line number="117" hits="0" branch="false"/>
            <line number="118" hits="0" branch="false"/>
            <line number="119" hits="0" branch="false"/>
            <line number="120" hits="0" branch="false"/>
            <line number="123" hits="0" branch="false"/>
            <line number="124" hits="0" branch="false"/>
            <line number="126" hits="0" branch="false"/>
            <line number="127" hits="0" branch="false"/>
            <line number="128" hits="0" branch="false"/>
            <line number="130" hits="0" branch="false"/>
            <line number="131" hits="0" branch="false"/>
            <line number="132" hits="0" branch="false"/>
            <line number="133" hits="0" branch="false"/>
            <line number="134" hits="0" branch="false"/>
            <line number="137" hits="0" branch="false"/>
            <line number="138" hits="0" branch="false"/>
            <line number="140" hits="0" branch="false"/>
            <line number="141" hits="0" branch="false"/>
            <line number="142" hits="0" branch="false"/>
            <line number="144" hits="0" branch="false"/>
            <line number="145" hits="0" branch="false"/>
            <line number="146" hits="0" branch="false"/>
            <line number="147" hits="0" branch="false"/>
            <line number="148" hits="0" branch="false"/>
            <line number="149" hits="0" branch="false"/>
            <line number="151" hits="0" branch="false"/>
            <line number="152" hits="0" branch="false"/>
            <line number="153" hits="0" branch="false"/>
            <line number="154" hits="0" branch="false"/>
            <line number="155" hits="0" branch="false"/>
            <line number="156" hits="0" branch="false"/>
            <line number="157" hits="0" branch="false"/>
            <line number="158" hits="0" branch="false"/>
            <line number="159" hits="0" branch="false"/>
            <line number="160" hits="0" branch="false"/>
            <line number="161" hits="0" branch="false"/>
            <line number="162" hits="0" branch="false"/>
            <line number="163" hits="0" branch="false"/>
            <line number="164" hits="0" branch="false"/>
            <line number="165" hits="0" branch="false"/>
            <line number="166" hits="0" branch="false"/>
            <line number="167" hits="0" branch="false"/>
            <line number="168" hits="0" branch="false"/>
            <line number="169" hits="0" branch="false"/>
            <line number="170" hits="0" branch="false"/>
            <line number="171" hits="0" branch="false"/>
            <line number="172" hits="0" branch="false"/>
            <line number="173" hits="0" branch="false"/>
            <line number="175" hits="0" branch="false"/>
            <line number="176" hits="0" branch="false"/>
            <line number="177" hits="0" branch="false"/>
            <line number="179" hits="0" branch="false"/>
            <line number="180" hits="0" branch="false"/>
            <line number="181" hits="0" branch="false"/>
            <line number="182" hits="0" branch="false"/>
            <line number="183" hits="0" branch="false"/>
            <line number="184" hits="0" branch="false"/>
            <line number="185" hits="0" branch="false"/>
            <line number="186" hits="0" branch="false"/>
            <line number="187" hits="0" branch="false"/>
            <line number="188" hits="0" branch="false"/>
            <line number="189" hits="0" branch="false"/>
            <line number="190" hits="0" branch="false"/>
            <line number="191" hits="0" branch="false"/>
            <line number="192" hits="0" branch="false"/>
            <line number="193" hits="0" branch="false"/>
            <line number="194" hits="0" branch="false"/>
            <line number="195" hits="0" branch="false"/>
            <line number="197" hits="0" branch="false"/>
          </lines>
        </class>
      </classes>
    </package>
    <package name="ecoTaskv2.backend.src.test" line-rate="0" branch-rate="1">
      <classes>
        <class name="setup.ts" filename="backend/src/test/setup.ts" line-rate="0" branch-rate="1">
          <methods>
            <method name="(empty-report)" hits="1" signature="()V">
              <lines>
                <line number="1" hits="1"/>
              </lines>
            </method>
          </methods>
          <lines>
            <line number="4" hits="0" branch="false"/>
            <line number="5" hits="0" branch="false"/>
            <line number="6" hits="0" branch="false"/>
            <line number="7" hits="0" branch="false"/>
            <line number="8" hits="0" branch="false"/>
            <line number="9" hits="0" branch="false"/>
            <line number="10" hits="0" branch="false"/>
            <line number="11" hits="0" branch="false"/>
            <line number="13" hits="0" branch="false"/>
            <line number="14" hits="0" branch="false"/>
            <line number="15" hits="0" branch="false"/>
            <line number="16" hits="0" branch="false"/>
            <line number="17" hits="0" branch="false"/>
            <line number="18" hits="0" branch="false"/>
            <line number="19" hits="0" branch="false"/>
            <line number="21" hits="0" branch="false"/>
            <line number="22" hits="0" branch="false"/>
            <line number="23" hits="0" branch="false"/>
            <line number="24" hits="0" branch="false"/>
            <line number="25" hits="0" branch="false"/>
            <line number="26" hits="0" branch="false"/>
            <line number="27" hits="0" branch="false"/>
            <line number="29" hits="0" branch="false"/>
            <line number="30" hits="0" branch="false"/>
            <line number="31" hits="0" branch="false"/>
            <line number="32" hits="0" branch="false"/>
            <line number="33" hits="0" branch="false"/>
            <line number="35" hits="0" branch="false"/>
            <line number="36" hits="0" branch="false"/>
            <line number="40" hits="0" branch="false"/>
            <line number="41" hits="0" branch="false"/>
            <line number="42" hits="0" branch="false"/>
            <line number="43" hits="0" branch="false"/>
            <line number="44" hits="0" branch="false"/>
            <line number="47" hits="0" branch="false"/>
            <line number="48" hits="0" branch="false"/>
            <line number="49" hits="0" branch="false"/>
            <line number="52" hits="0" branch="false"/>
            <line number="53" hits="0" branch="false"/>
            <line number="54" hits="0" branch="false"/>
            <line number="57" hits="0" branch="false"/>
            <line number="59" hits="0" branch="false"/>
            <line number="60" hits="0" branch="false"/>
            <line number="62" hits="0" branch="false"/>
            <line number="64" hits="0" branch="false"/>
            <line number="65" hits="0" branch="false"/>
          </lines>
        </class>
      </classes>
    </package>
    <package name="ecoTaskv2.backend.src.utils" line-rate="0" branch-rate="0.25">
      <classes>
        <class name="co2Calculator.ts" filename="backend/src/utils/co2Calculator.ts" line-rate="0" branch-rate="1">
          <methods>
            <method name="(empty-report)" hits="1" signature="()V">
              <lines>
                <line number="1" hits="1"/>
              </lines>
            </method>
          </methods>
          <lines>
            <line number="4" hits="0" branch="false"/>
            <line number="5" hits="0" branch="false"/>
            <line number="6" hits="0" branch="false"/>
            <line number="7" hits="0" branch="false"/>
            <line number="8" hits="0" branch="false"/>
            <line number="16" hits="0" branch="false"/>
            <line number="17" hits="0" branch="false"/>
            <line number="18" hits="0" branch="false"/>
            <line number="20" hits="0" branch="false"/>
            <line number="21" hits="0" branch="false"/>
            <line number="22" hits="0" branch="false"/>
            <line number="29" hits="0" branch="false"/>
            <line number="30" hits="0" branch="false"/>
            <line number="31" hits="0" branch="false"/>
            <line number="32" hits="0" branch="false"/>
            <line number="33" hits="0" branch="false"/>
            <line number="40" hits="0" branch="false"/>
            <line number="41" hits="0" branch="false"/>
            <line number="42" hits="0" branch="false"/>
            <line number="49" hits="0" branch="false"/>
            <line number="50" hits="0" branch="false"/>
            <line number="51" hits="0" branch="false"/>
          </lines>
        </class>
        <class name="database.ts" filename="backend/src/utils/database.ts" line-rate="0" branch-rate="0">
          <methods>
            <method name="(empty-report)" hits="0" signature="()V">
              <lines>
                <line number="1" hits="0"/>
              </lines>
            </method>
          </methods>
          <lines>
            <line number="1" hits="0" branch="true" condition-coverage="0% (0/1)"/>
            <line number="3" hits="0" branch="false"/>
            <line number="7" hits="0" branch="false"/>
            <line number="8" hits="0" branch="false"/>
            <line number="9" hits="0" branch="false"/>
            <line number="11" hits="0" branch="false"/>
            <line number="14" hits="0" branch="false"/>
            <line number="15" hits="0" branch="false"/>
            <line number="16" hits="0" branch="false"/>
            <line number="18" hits="0" branch="false"/>
            <line number="19" hits="0" branch="false"/>
            <line number="20" hits="0" branch="false"/>
            <line number="21" hits="0" branch="false"/>
            <line number="23" hits="0" branch="false"/>
            <line number="24" hits="0" branch="false"/>
            <line number="25" hits="0" branch="false"/>
            <line number="26" hits="0" branch="false"/>
            <line number="28" hits="0" branch="false"/>
          </lines>
        </class>
        <class name="seed.ts" filename="backend/src/utils/seed.ts" line-rate="0" branch-rate="0">
          <methods>
            <method name="(empty-report)" hits="0" signature="()V">
              <lines>
                <line number="1" hits="0"/>
              </lines>
            </method>
          </methods>
          <lines>
            <line number="1" hits="0" branch="true" condition-coverage="0% (0/1)"/>
            <line number="2" hits="0" branch="false"/>
            <line number="4" hits="0" branch="false"/>
            <line number="6" hits="0" branch="false"/>
            <line number="7" hits="0" branch="false"/>
            <line number="10" hits="0" branch="false"/>
            <line number="11" hits="0" branch="false"/>
            <line number="12" hits="0" branch="false"/>
            <line number="13" hits="0" branch="false"/>
            <line number="16" hits="0" branch="false"/>
            <line number="18" hits="0" branch="false"/>
            <line number="21" hits="0" branch="false"/>
            <line number="22" hits="0" branch="false"/>
            <line number="23" hits="0" branch="false"/>
            <line number="24" hits="0" branch="false"/>
            <line number="25" hits="0" branch="false"/>
            <line number="26" hits="0" branch="false"/>
            <line number="27" hits="0" branch="false"/>
            <line number="28" hits="0" branch="false"/>
            <line number="29" hits="0" branch="false"/>
            <line number="30" hits="0" branch="false"/>
            <line number="31" hits="0" branch="false"/>
            <line number="32" hits="0" branch="false"/>
            <line number="33" hits="0" branch="false"/>
            <line number="34" hits="0" branch="false"/>
            <line number="35" hits="0" branch="false"/>
            <line number="36" hits="0" branch="false"/>
            <line number="37" hits="0" branch="false"/>
            <line number="38" hits="0" branch="false"/>
            <line number="39" hits="0" branch="false"/>
            <line number="40" hits="0" branch="false"/>
            <line number="41" hits="0" branch="false"/>
            <line number="42" hits="0" branch="false"/>
            <line number="43" hits="0" branch="false"/>
            <line number="44" hits="0" branch="false"/>
            <line number="45" hits="0" branch="false"/>
            <line number="46" hits="0" branch="false"/>
            <line number="47" hits="0" branch="false"/>
            <line number="48" hits="0" branch="false"/>
            <line number="49" hits="0" branch="false"/>
            <line number="50" hits="0" branch="false"/>
            <line number="51" hits="0" branch="false"/>
            <line number="52" hits="0" branch="false"/>
            <line number="53" hits="0" branch="false"/>
            <line number="54" hits="0" branch="false"/>
            <line number="55" hits="0" branch="false"/>
            <line number="56" hits="0" branch="false"/>
            <line number="57" hits="0" branch="false"/>
            <line number="59" hits="0" branch="false"/>
            <line number="62" hits="0" branch="false"/>
            <line number="63" hits="0" branch="false"/>
            <line number="64" hits="0" branch="false"/>
            <line number="65" hits="0" branch="false"/>
            <line number="66" hits="0" branch="false"/>
            <line number="67" hits="0" branch="false"/>
            <line number="68" hits="0" branch="false"/>
            <line number="69" hits="0" branch="false"/>
            <line number="70" hits="0" branch="false"/>
            <line number="71" hits="0" branch="false"/>
            <line number="72" hits="0" branch="false"/>
            <line number="73" hits="0" branch="false"/>
            <line number="74" hits="0" branch="false"/>
            <line number="75" hits="0" branch="false"/>
            <line number="76" hits="0" branch="false"/>
            <line number="77" hits="0" branch="false"/>
            <line number="78" hits="0" branch="false"/>
            <line number="79" hits="0" branch="false"/>
            <line number="80" hits="0" branch="false"/>
            <line number="81" hits="0" branch="false"/>
            <line number="82" hits="0" branch="false"/>
            <line number="83" hits="0" branch="false"/>
            <line number="84" hits="0" branch="false"/>
            <line number="85" hits="0" branch="false"/>
            <line number="86" hits="0" branch="false"/>
            <line number="87" hits="0" branch="false"/>
            <line number="88" hits="0" branch="false"/>
            <line number="89" hits="0" branch="false"/>
            <line number="90" hits="0" branch="false"/>
            <line number="91" hits="0" branch="false"/>
            <line number="92" hits="0" branch="false"/>
            <line number="93" hits="0" branch="false"/>
            <line number="94" hits="0" branch="false"/>
            <line number="95" hits="0" branch="false"/>
            <line number="96" hits="0" branch="false"/>
            <line number="97" hits="0" branch="false"/>
            <line number="98" hits="0" branch="false"/>
            <line number="99" hits="0" branch="false"/>
            <line number="100" hits="0" branch="false"/>
            <line number="101" hits="0" branch="false"/>
            <line number="102" hits="0" branch="false"/>
            <line number="103" hits="0" branch="false"/>
            <line number="104" hits="0" branch="false"/>
            <line number="105" hits="0" branch="false"/>
            <line number="106" hits="0" branch="false"/>
            <line number="107" hits="0" branch="false"/>
            <line number="108" hits="0" branch="false"/>
            <line number="109" hits="0" branch="false"/>
            <line number="110" hits="0" branch="false"/>
            <line number="111" hits="0" branch="false"/>
            <line number="112" hits="0" branch="false"/>
            <line number="113" hits="0" branch="false"/>
            <line number="114" hits="0" branch="false"/>
            <line number="115" hits="0" branch="false"/>
            <line number="116" hits="0" branch="false"/>
            <line number="117" hits="0" branch="false"/>
            <line number="118" hits="0" branch="false"/>
            <line number="119" hits="0" branch="false"/>
            <line number="120" hits="0" branch="false"/>
            <line number="121" hits="0" branch="false"/>
            <line number="122" hits="0" branch="false"/>
            <line number="123" hits="0" branch="false"/>
            <line number="125" hits="0" branch="false"/>
            <line number="128" hits="0" branch="false"/>
            <line number="130" hits="0" branch="false"/>
            <line number="131" hits="0" branch="false"/>
            <line number="132" hits="0" branch="false"/>
            <line number="133" hits="0" branch="false"/>
            <line number="134" hits="0" branch="false"/>
            <line number="135" hits="0" branch="false"/>
            <line number="136" hits="0" branch="false"/>
            <line number="137" hits="0" branch="false"/>
            <line number="138" hits="0" branch="false"/>
            <line number="139" hits="0" branch="false"/>
            <line number="140" hits="0" branch="false"/>
            <line number="141" hits="0" branch="false"/>
            <line number="142" hits="0" branch="false"/>
            <line number="143" hits="0" branch="false"/>
            <line number="144" hits="0" branch="false"/>
            <line number="145" hits="0" branch="false"/>
            <line number="146" hits="0" branch="false"/>
            <line number="147" hits="0" branch="false"/>
            <line number="148" hits="0" branch="false"/>
            <line number="149" hits="0" branch="false"/>
            <line number="150" hits="0" branch="false"/>
            <line number="151" hits="0" branch="false"/>
            <line number="152" hits="0" branch="false"/>
            <line number="153" hits="0" branch="false"/>
            <line number="154" hits="0" branch="false"/>
            <line number="155" hits="0" branch="false"/>
            <line number="156" hits="0" branch="false"/>
            <line number="157" hits="0" branch="false"/>
            <line number="158" hits="0" branch="false"/>
            <line number="159" hits="0" branch="false"/>
            <line number="160" hits="0" branch="false"/>
            <line number="161" hits="0" branch="false"/>
            <line number="162" hits="0" branch="false"/>
            <line number="163" hits="0" branch="false"/>
            <line number="164" hits="0" branch="false"/>
            <line number="167" hits="0" branch="false"/>
            <line number="168" hits="0" branch="false"/>
            <line number="169" hits="0" branch="false"/>
            <line number="170" hits="0" branch="false"/>
            <line number="171" hits="0" branch="false"/>
            <line number="172" hits="0" branch="false"/>
            <line number="173" hits="0" branch="false"/>
            <line number="174" hits="0" branch="false"/>
            <line number="175" hits="0" branch="false"/>
            <line number="176" hits="0" branch="false"/>
            <line number="177" hits="0" branch="false"/>
            <line number="178" hits="0" branch="false"/>
            <line number="179" hits="0" branch="false"/>
            <line number="180" hits="0" branch="false"/>
            <line number="181" hits="0" branch="false"/>
            <line number="182" hits="0" branch="false"/>
            <line number="183" hits="0" branch="false"/>
            <line number="184" hits="0" branch="false"/>
            <line number="185" hits="0" branch="false"/>
            <line number="186" hits="0" branch="false"/>
            <line number="187" hits="0" branch="false"/>
            <line number="188" hits="0" branch="false"/>
            <line number="189" hits="0" branch="false"/>
            <line number="190" hits="0" branch="false"/>
            <line number="191" hits="0" branch="false"/>
            <line number="192" hits="0" branch="false"/>
            <line number="193" hits="0" branch="false"/>
            <line number="194" hits="0" branch="false"/>
            <line number="195" hits="0" branch="false"/>
            <line number="196" hits="0" branch="false"/>
            <line number="197" hits="0" branch="false"/>
            <line number="198" hits="0" branch="false"/>
            <line number="199" hits="0" branch="false"/>
            <line number="200" hits="0" branch="false"/>
            <line number="201" hits="0" branch="false"/>
            <line number="202" hits="0" branch="false"/>
            <line number="203" hits="0" branch="false"/>
            <line number="206" hits="0" branch="false"/>
            <line number="207" hits="0" branch="false"/>
            <line number="208" hits="0" branch="false"/>
            <line number="209" hits="0" branch="false"/>
            <line number="210" hits="0" branch="false"/>
            <line number="211" hits="0" branch="false"/>
            <line number="212" hits="0" branch="false"/>
            <line number="213" hits="0" branch="false"/>
            <line number="214" hits="0" branch="false"/>
            <line number="215" hits="0" branch="false"/>
            <line number="216" hits="0" branch="false"/>
            <line number="217" hits="0" branch="false"/>
            <line number="218" hits="0" branch="false"/>
            <line number="219" hits="0" branch="false"/>
            <line number="220" hits="0" branch="false"/>
            <line number="221" hits="0" branch="false"/>
[...]
              <lines>
                <line number="30" hits="24"/>
              </lines>
            </method>
            <method name="formatDate" hits="13" signature="()V">
              <lines>
                <line number="35" hits="13"/>
              </lines>
            </method>
            <method name="formatDateTime" hits="1" signature="()V">
              <lines>
                <line number="43" hits="1"/>
              </lines>
            </method>
          </methods>
          <lines>
            <line number="1" hits="1" branch="false"/>
            <line number="2" hits="1" branch="false"/>
            <line number="4" hits="1" branch="true" condition-coverage="100% (1/1)"/>
            <line number="5" hits="54" branch="false"/>
            <line number="6" hits="54" branch="false"/>
            <line number="9" hits="1" branch="false"/>
            <line number="10" hits="1" branch="false"/>
            <line number="11" hits="1" branch="false"/>
            <line number="12" hits="1" branch="false"/>
            <line number="13" hits="1" branch="false"/>
            <line number="17" hits="1" branch="true" condition-coverage="100% (1/1)"/>
            <line number="18" hits="10" branch="false"/>
            <line number="19" hits="10" branch="false"/>
            <line number="20" hits="10" branch="false"/>
            <line number="21" hits="10" branch="false"/>
            <line number="22" hits="10" branch="false"/>
            <line number="24" hits="1" branch="true" condition-coverage="100% (1/1)"/>
            <line number="25" hits="28" branch="true" condition-coverage="100% (3/3)"/>
            <line number="26" hits="20" branch="true" condition-coverage="100% (2/2)"/>
            <line number="27" hits="4" branch="false"/>
            <line number="28" hits="4" branch="false"/>
            <line number="30" hits="1" branch="true" condition-coverage="100% (1/1)"/>
            <line number="31" hits="24" branch="false"/>
            <line number="32" hits="24" branch="false"/>
            <line number="35" hits="1" branch="true" condition-coverage="100% (1/1)"/>
            <line number="36" hits="13" branch="false"/>
            <line number="37" hits="13" branch="false"/>
            <line number="38" hits="13" branch="false"/>
            <line number="39" hits="13" branch="false"/>
            <line number="40" hits="13" branch="false"/>
            <line number="41" hits="13" branch="false"/>
            <line number="43" hits="1" branch="true" condition-coverage="100% (1/1)"/>
            <line number="44" hits="1" branch="false"/>
            <line number="45" hits="1" branch="false"/>
            <line number="46" hits="1" branch="false"/>
            <line number="47" hits="1" branch="false"/>
            <line number="48" hits="1" branch="false"/>
            <line number="49" hits="1" branch="false"/>
            <line number="50" hits="1" branch="false"/>
            <line number="51" hits="1" branch="false"/>
          </lines>
        </class>
      </classes>
    </package>
    <package name="ecoTaskv2.src.services" line-rate="0.4459" branch-rate="0.95">
      <classes>
        <class name="api.ts" filename="src/services/api.ts" line-rate="0" branch-rate="1">
          <methods>
            <method name="(empty-report)" hits="1" signature="()V">
              <lines>
                <line number="1" hits="1"/>
              </lines>
            </method>
          </methods>
          <lines>
            <line number="2" hits="0" branch="false"/>
            <line number="37" hits="0" branch="false"/>
            <line number="38" hits="0" branch="false"/>
            <line number="40" hits="0" branch="false"/>
            <line number="41" hits="0" branch="false"/>
            <line number="42" hits="0" branch="false"/>
            <line number="44" hits="0" branch="false"/>
            <line number="45" hits="0" branch="false"/>
            <line number="46" hits="0" branch="false"/>
            <line number="47" hits="0" branch="false"/>
            <line number="48" hits="0" branch="false"/>
            <line number="50" hits="0" branch="false"/>
            <line number="51" hits="0" branch="false"/>
            <line number="52" hits="0" branch="false"/>
            <line number="53" hits="0" branch="false"/>
            <line number="54" hits="0" branch="false"/>
            <line number="55" hits="0" branch="false"/>
            <line number="56" hits="0" branch="false"/>
            <line number="58" hits="0" branch="false"/>
            <line number="59" hits="0" branch="false"/>
            <line number="60" hits="0" branch="false"/>
            <line number="62" hits="0" branch="false"/>
            <line number="63" hits="0" branch="false"/>
            <line number="64" hits="0" branch="false"/>
            <line number="66" hits="0" branch="false"/>
            <line number="67" hits="0" branch="false"/>
            <line number="68" hits="0" branch="false"/>
            <line number="69" hits="0" branch="false"/>
            <line number="70" hits="0" branch="false"/>
            <line number="71" hits="0" branch="false"/>
            <line number="73" hits="0" branch="false"/>
            <line number="74" hits="0" branch="false"/>
            <line number="75" hits="0" branch="false"/>
            <line number="76" hits="0" branch="false"/>
            <line number="77" hits="0" branch="false"/>
            <line number="78" hits="0" branch="false"/>
            <line number="79" hits="0" branch="false"/>
            <line number="80" hits="0" branch="false"/>
            <line number="81" hits="0" branch="false"/>
            <line number="83" hits="0" branch="false"/>
            <line number="84" hits="0" branch="false"/>
            <line number="86" hits="0" branch="false"/>
            <line number="87" hits="0" branch="false"/>
            <line number="88" hits="0" branch="false"/>
            <line number="89" hits="0" branch="false"/>
            <line number="90" hits="0" branch="false"/>
            <line number="91" hits="0" branch="false"/>
            <line number="93" hits="0" branch="false"/>
            <line number="94" hits="0" branch="false"/>
            <line number="95" hits="0" branch="false"/>
            <line number="96" hits="0" branch="false"/>
            <line number="97" hits="0" branch="false"/>
            <line number="98" hits="0" branch="false"/>
            <line number="100" hits="0" branch="false"/>
            <line number="101" hits="0" branch="false"/>
            <line number="102" hits="0" branch="false"/>
            <line number="103" hits="0" branch="false"/>
            <line number="104" hits="0" branch="false"/>
            <line number="105" hits="0" branch="false"/>
            <line number="107" hits="0" branch="false"/>
            <line number="110" hits="0" branch="false"/>
            <line number="111" hits="0" branch="false"/>
            <line number="112" hits="0" branch="false"/>
            <line number="113" hits="0" branch="false"/>
            <line number="114" hits="0" branch="false"/>
            <line number="115" hits="0" branch="false"/>
          </lines>
        </class>
        <class name="projectService.ts" filename="src/services/projectService.ts" line-rate="1" branch-rate="1">
          <methods>
            <method name="getProjects" hits="2" signature="()V">
              <lines>
                <line number="27" hits="2"/>
              </lines>
            </method>
            <method name="getProjectById" hits="1" signature="()V">
              <lines>
                <line number="31" hits="1"/>
              </lines>
            </method>
            <method name="createProject" hits="2" signature="()V">
              <lines>
                <line number="35" hits="2"/>
              </lines>
            </method>
            <method name="updateProject" hits="1" signature="()V">
              <lines>
                <line number="39" hits="1"/>
              </lines>
            </method>
            <method name="deleteProject" hits="1" signature="()V">
              <lines>
                <line number="43" hits="1"/>
              </lines>
            </method>
            <method name="recalculateProjectCO2" hits="1" signature="()V">
              <lines>
                <line number="47" hits="1"/>
              </lines>
            </method>
          </methods>
          <lines>
            <line number="1" hits="1" branch="false"/>
            <line number="26" hits="1" branch="false"/>
            <line number="27" hits="1" branch="true" condition-coverage="100% (1/1)"/>
            <line number="28" hits="2" branch="false"/>
            <line number="29" hits="2" branch="false"/>
            <line number="31" hits="1" branch="true" condition-coverage="100% (1/1)"/>
            <line number="32" hits="1" branch="false"/>
            <line number="33" hits="1" branch="false"/>
            <line number="35" hits="1" branch="true" condition-coverage="100% (1/1)"/>
            <line number="36" hits="2" branch="false"/>
            <line number="37" hits="2" branch="false"/>
            <line number="39" hits="1" branch="true" condition-coverage="100% (1/1)"/>
            <line number="40" hits="1" branch="false"/>
            <line number="41" hits="1" branch="false"/>
            <line number="43" hits="1" branch="true" condition-coverage="100% (1/1)"/>
            <line number="44" hits="1" branch="false"/>
            <line number="45" hits="1" branch="false"/>
            <line number="47" hits="1" branch="true" condition-coverage="100% (1/1)"/>
            <line number="48" hits="1" branch="false"/>
            <line number="49" hits="1" branch="false"/>
            <line number="50" hits="1" branch="false"/>
            <line number="52" hits="1" branch="false"/>
          </lines>
        </class>
        <class name="statsService.ts" filename="src/services/statsService.ts" line-rate="0" branch-rate="0">
          <methods>
            <method name="(empty-report)" hits="0" signature="()V">
              <lines>
                <line number="1" hits="0"/>
              </lines>
            </method>
          </methods>
          <lines>
            <line number="1" hits="0" branch="true" condition-coverage="0% (0/1)"/>
            <line number="69" hits="0" branch="false"/>
            <line number="70" hits="0" branch="false"/>
            <line number="71" hits="0" branch="false"/>
            <line number="72" hits="0" branch="false"/>
            <line number="74" hits="0" branch="false"/>
            <line number="75" hits="0" branch="false"/>
            <line number="76" hits="0" branch="false"/>
            <line number="78" hits="0" branch="false"/>
            <line number="79" hits="0" branch="false"/>
            <line number="80" hits="0" branch="false"/>
            <line number="82" hits="0" branch="false"/>
            <line number="83" hits="0" branch="false"/>
            <line number="84" hits="0" branch="false"/>
            <line number="85" hits="0" branch="false"/>
            <line number="87" hits="0" branch="false"/>
          </lines>
        </class>
        <class name="taskService.ts" filename="src/services/taskService.ts" line-rate="1" branch-rate="1">
          <methods>
            <method name="getTasks" hits="2" signature="()V">
              <lines>
                <line number="42" hits="2"/>
              </lines>
            </method>
            <method name="getTaskById" hits="1" signature="()V">
              <lines>
                <line number="46" hits="1"/>
              </lines>
            </method>
            <method name="createTask" hits="1" signature="()V">
              <lines>
                <line number="50" hits="1"/>
              </lines>
            </method>
            <method name="updateTask" hits="1" signature="()V">
              <lines>
                <line number="54" hits="1"/>
              </lines>
            </method>
            <method name="deleteTask" hits="1" signature="()V">
              <lines>
                <line number="58" hits="1"/>
              </lines>
            </method>
            <method name="updateTaskStatus" hits="1" signature="()V">
              <lines>
                <line number="62" hits="1"/>
              </lines>
            </method>
          </methods>
          <lines>
            <line number="1" hits="1" branch="false"/>
            <line number="41" hits="1" branch="false"/>
            <line number="42" hits="1" branch="true" condition-coverage="100% (1/1)"/>
            <line number="43" hits="2" branch="false"/>
            <line number="44" hits="2" branch="false"/>
            <line number="46" hits="1" branch="true" condition-coverage="100% (1/1)"/>
            <line number="47" hits="1" branch="false"/>
            <line number="48" hits="1" branch="false"/>
            <line number="50" hits="1" branch="true" condition-coverage="100% (1/1)"/>
            <line number="51" hits="1" branch="false"/>
            <line number="52" hits="1" branch="false"/>
            <line number="54" hits="1" branch="true" condition-coverage="100% (1/1)"/>
            <line number="55" hits="1" branch="false"/>
            <line number="56" hits="1" branch="false"/>
            <line number="58" hits="1" branch="true" condition-coverage="100% (1/1)"/>
            <line number="59" hits="1" branch="false"/>
            <line number="60" hits="1" branch="false"/>
            <line number="62" hits="1" branch="true" condition-coverage="100% (1/1)"/>
            <line number="63" hits="1" branch="false"/>
            <line number="64" hits="1" branch="false"/>
            <line number="65" hits="1" branch="false"/>
            <line number="67" hits="1" branch="false"/>
          </lines>
        </class>
        <class name="userService.ts" filename="src/services/userService.ts" line-rate="1" branch-rate="1">
          <methods>
            <method name="getUsers" hits="2" signature="()V">
              <lines>
                <line number="51" hits="2"/>
              </lines>
            </method>
            <method name="getUserById" hits="1" signature="()V">
              <lines>
                <line number="55" hits="1"/>
              </lines>
            </method>
            <method name="createUser" hits="2" signature="()V">
              <lines>
                <line number="59" hits="2"/>
              </lines>
            </method>
            <method name="updateUser" hits="1" signature="()V">
              <lines>
                <line number="63" hits="1"/>
              </lines>
            </method>
            <method name="deleteUser" hits="1" signature="()V">
              <lines>
                <line number="67" hits="1"/>
              </lines>
            </method>
            <method name="getUserStats" hits="1" signature="()V">
              <lines>
                <line number="71" hits="1"/>
              </lines>
            </method>
          </methods>
          <lines>
            <line number="1" hits="1" branch="false"/>
            <line number="50" hits="1" branch="false"/>
            <line number="51" hits="1" branch="true" condition-coverage="100% (1/1)"/>
            <line number="52" hits="2" branch="false"/>
            <line number="53" hits="2" branch="false"/>
            <line number="55" hits="1" branch="true" condition-coverage="100% (1/1)"/>
            <line number="56" hits="1" branch="false"/>
            <line number="57" hits="1" branch="false"/>
            <line number="59" hits="1" branch="true" condition-coverage="100% (1/1)"/>
            <line number="60" hits="2" branch="false"/>
            <line number="61" hits="2" branch="false"/>
            <line number="63" hits="1" branch="true" condition-coverage="100% (1/1)"/>
            <line number="64" hits="1" branch="false"/>
            <line number="65" hits="1" branch="false"/>
            <line number="67" hits="1" branch="true" condition-coverage="100% (1/1)"/>
            <line number="68" hits="1" branch="false"/>
            <line number="69" hits="1" branch="false"/>
            <line number="71" hits="1" branch="true" condition-coverage="100% (1/1)"/>
            <line number="72" hits="1" branch="false"/>
            <line number="73" hits="1" branch="false"/>
            <line number="74" hits="1" branch="false"/>
            <line number="76" hits="1" branch="false"/>
          </lines>
        </class>
      </classes>
    </package>
    <package name="ecoTaskv2.src.store" line-rate="0" branch-rate="0">
      <classes>
        <class name="useStore.ts" filename="src/store/useStore.ts" line-rate="0" branch-rate="0">
          <methods>
            <method name="(empty-report)" hits="0" signature="()V">
              <lines>
                <line number="1" hits="0"/>
              </lines>
            </method>
          </methods>
          <lines>
            <line number="1" hits="0" branch="true" condition-coverage="0% (0/1)"/>
            <line number="28" hits="0" branch="false"/>
            <line number="30" hits="0" branch="false"/>
            <line number="31" hits="0" branch="false"/>
            <line number="32" hits="0" branch="false"/>
            <line number="33" hits="0" branch="false"/>
            <line number="36" hits="0" branch="false"/>
            <line number="37" hits="0" branch="false"/>
            <line number="38" hits="0" branch="false"/>
            <line number="41" hits="0" branch="false"/>
            <line number="44" hits="0" branch="false"/>
            <line number="45" hits="0" branch="false"/>
          </lines>
        </class>
      </classes>
    </package>
    <package name="ecoTaskv2.src.types" line-rate="1" branch-rate="1">
      <classes>
        <class name="index.ts" filename="src/types/index.ts" line-rate="1" branch-rate="1">
          <methods>
          </methods>
          <lines>
            <line number="57" hits="1" branch="false"/>
            <line number="58" hits="1" branch="false"/>
            <line number="59" hits="1" branch="false"/>
            <line number="60" hits="1" branch="false"/>
            <line number="61" hits="1" branch="false"/>
            <line number="62" hits="1" branch="false"/>
            <line number="63" hits="1" branch="false"/>
            <line number="64" hits="1" branch="false"/>
            <line number="65" hits="1" branch="false"/>
            <line number="66" hits="1" branch="false"/>
            <line number="67" hits="1" branch="false"/>
            <line number="68" hits="1" branch="false"/>
            <line number="69" hits="1" branch="false"/>
            <line number="70" hits="1" branch="false"/>
            <line number="71" hits="1" branch="false"/>
            <line number="72" hits="1" branch="false"/>
            <line number="73" hits="1" branch="false"/>
            <line number="74" hits="1" branch="false"/>
            <line number="75" hits="1" branch="false"/>
            <line number="76" hits="1" branch="false"/>
            <line number="78" hits="1" branch="false"/>
            <line number="79" hits="1" branch="false"/>
            <line number="80" hits="1" branch="false"/>
            <line number="81" hits="1" branch="false"/>
            <line number="82" hits="1" branch="false"/>
            <line number="83" hits="1" branch="false"/>
            <line number="85" hits="1" branch="false"/>
            <line number="86" hits="1" branch="false"/>
            <line number="87" hits="1" branch="false"/>
            <line number="88" hits="1" branch="false"/>
            <line number="89" hits="1" branch="false"/>
            <line number="90" hits="1" branch="false"/>
          </lines>
        </class>
      </classes>
    </package>
  </packages>
</coverage>
